{"C:\\Users\\HP\\Desktop\\my-node\\diff-model - Messwith\\src\\app.js":{"path":"C:\\Users\\HP\\Desktop\\my-node\\diff-model - Messwith\\src\\app.js","statementMap":{"0":{"start":{"line":3,"column":29},"end":{"line":3,"column":84}},"1":{"start":{"line":5,"column":0},"end":{"line":7,"column":3}},"2":{"start":{"line":8,"column":0},"end":{"line":8,"column":28}},"3":{"start":{"line":10,"column":15},"end":{"line":10,"column":57}},"4":{"start":{"line":12,"column":18},"end":{"line":12,"column":64}},"5":{"start":{"line":14,"column":14},"end":{"line":14,"column":55}},"6":{"start":{"line":16,"column":24},"end":{"line":16,"column":76}},"7":{"start":{"line":18,"column":12},"end":{"line":18,"column":51}},"8":{"start":{"line":20,"column":14},"end":{"line":20,"column":55}},"9":{"start":{"line":22,"column":18},"end":{"line":22,"column":72}},"10":{"start":{"line":24,"column":0},"end":{"line":24,"column":28}},"11":{"start":{"line":26,"column":10},"end":{"line":26,"column":35}},"12":{"start":{"line":27,"column":11},"end":{"line":27,"column":35}},"13":{"start":{"line":29,"column":0},"end":{"line":29,"column":39}},"14":{"start":{"line":30,"column":0},"end":{"line":32,"column":4}},"15":{"start":{"line":33,"column":0},"end":{"line":33,"column":45}},"16":{"start":{"line":34,"column":0},"end":{"line":34,"column":40}},"17":{"start":{"line":36,"column":0},"end":{"line":36,"column":36}},"18":{"start":{"line":37,"column":0},"end":{"line":41,"column":3}},"19":{"start":{"line":38,"column":2},"end":{"line":40,"column":5}},"20":{"start":{"line":42,"column":0},"end":{"line":42,"column":43}},"21":{"start":{"line":43,"column":0},"end":{"line":48,"column":3}},"22":{"start":{"line":44,"column":2},"end":{"line":47,"column":5}},"23":{"start":{"line":49,"column":0},"end":{"line":51,"column":3}},"24":{"start":{"line":50,"column":2},"end":{"line":50,"column":56}},"25":{"start":{"line":52,"column":15},"end":{"line":52,"column":18}},"26":{"start":{"line":53,"column":0},"end":{"line":53,"column":30}}},"fnMap":{"0":{"name":"(anonymous_0)","decl":{"start":{"line":37,"column":13},"end":{"line":37,"column":14}},"loc":{"start":{"line":37,"column":33},"end":{"line":41,"column":1}},"line":37},"1":{"name":"(anonymous_1)","decl":{"start":{"line":43,"column":13},"end":{"line":43,"column":14}},"loc":{"start":{"line":43,"column":33},"end":{"line":48,"column":1}},"line":43},"2":{"name":"(anonymous_2)","decl":{"start":{"line":49,"column":17},"end":{"line":49,"column":18}},"loc":{"start":{"line":49,"column":29},"end":{"line":51,"column":1}},"line":49}},"branchMap":{"0":{"loc":{"start":{"line":27,"column":11},"end":{"line":27,"column":35}},"type":"binary-expr","locations":[{"start":{"line":27,"column":11},"end":{"line":27,"column":27}},{"start":{"line":27,"column":31},"end":{"line":27,"column":35}}],"line":27}},"s":{"0":1,"1":1,"2":1,"3":1,"4":1,"5":1,"6":1,"7":1,"8":1,"9":1,"10":0,"11":0,"12":0,"13":0,"14":0,"15":0,"16":0,"17":0,"18":0,"19":0,"20":0,"21":0,"22":0,"23":0,"24":0,"25":0,"26":0},"f":{"0":0,"1":0,"2":0},"b":{"0":[0,0]},"_coverageSchema":"43e27e138ebf9cfc5966b082cf9a028302ed4184","hash":"8886df54c17e1f4b1192bd78e0db03063de86267","contentHash":"72dd312b1007e8270155646bc84f6962962a1c3acff963ab5d7534d96840d6a1"},"C:\\Users\\HP\\Desktop\\my-node\\diff-model - Messwith\\src\\routes\\indexRoute.js":{"path":"C:\\Users\\HP\\Desktop\\my-node\\diff-model - Messwith\\src\\routes\\indexRoute.js","statementMap":{"0":{"start":{"line":3,"column":29},"end":{"line":3,"column":84}},"1":{"start":{"line":5,"column":0},"end":{"line":7,"column":3}},"2":{"start":{"line":8,"column":0},"end":{"line":8,"column":28}},"3":{"start":{"line":10,"column":15},"end":{"line":10,"column":57}},"4":{"start":{"line":12,"column":22},"end":{"line":12,"column":86}},"5":{"start":{"line":14,"column":25},"end":{"line":14,"column":92}},"6":{"start":{"line":16,"column":21},"end":{"line":16,"column":84}},"7":{"start":{"line":18,"column":22},"end":{"line":18,"column":86}},"8":{"start":{"line":20,"column":20},"end":{"line":20,"column":82}},"9":{"start":{"line":22,"column":20},"end":{"line":22,"column":82}},"10":{"start":{"line":24,"column":21},"end":{"line":24,"column":84}},"11":{"start":{"line":26,"column":13},"end":{"line":26,"column":41}},"12":{"start":{"line":29,"column":0},"end":{"line":29,"column":96}},"13":{"start":{"line":30,"column":0},"end":{"line":30,"column":96}},"14":{"start":{"line":32,"column":0},"end":{"line":32,"column":57}},"15":{"start":{"line":33,"column":0},"end":{"line":33,"column":57}},"16":{"start":{"line":35,"column":0},"end":{"line":35,"column":68}},"17":{"start":{"line":36,"column":0},"end":{"line":36,"column":69}},"18":{"start":{"line":38,"column":0},"end":{"line":38,"column":64}},"19":{"start":{"line":39,"column":0},"end":{"line":39,"column":144}},"20":{"start":{"line":40,"column":15},"end":{"line":40,"column":21}},"21":{"start":{"line":41,"column":0},"end":{"line":41,"column":30}}},"fnMap":{},"branchMap":{},"s":{"0":1,"1":1,"2":1,"3":1,"4":1,"5":1,"6":1,"7":1,"8":1,"9":1,"10":1,"11":1,"12":1,"13":1,"14":1,"15":1,"16":1,"17":1,"18":1,"19":0,"20":0,"21":0},"f":{},"b":{},"_coverageSchema":"43e27e138ebf9cfc5966b082cf9a028302ed4184","hash":"8c41872a59f96834952bc3b6c36cdc51948131f8","contentHash":"eb231225623185c660f9ac687f14807eb5191a4b4dbeadba1458495949f9fc4b"},"C:\\Users\\HP\\Desktop\\my-node\\diff-model - Messwith\\src\\controllers\\userController.js":{"path":"C:\\Users\\HP\\Desktop\\my-node\\diff-model - Messwith\\src\\controllers\\userController.js","statementMap":{"0":{"start":{"line":3,"column":29},"end":{"line":3,"column":84}},"1":{"start":{"line":5,"column":0},"end":{"line":7,"column":3}},"2":{"start":{"line":8,"column":0},"end":{"line":8,"column":28}},"3":{"start":{"line":10,"column":19},"end":{"line":10,"column":80}},"4":{"start":{"line":12,"column":25},"end":{"line":12,"column":99}},"5":{"start":{"line":14,"column":23},"end":{"line":14,"column":95}},"6":{"start":{"line":16,"column":20},"end":{"line":16,"column":89}},"7":{"start":{"line":18,"column":18},"end":{"line":18,"column":73}},"8":{"start":{"line":20,"column":13},"end":{"line":20,"column":64}},"9":{"start":{"line":22,"column":17},"end":{"line":22,"column":72}},"10":{"start":{"line":24,"column":20},"end":{"line":24,"column":78}},"11":{"start":{"line":26,"column":17},"end":{"line":26,"column":52}},"12":{"start":{"line":30,"column":0},"end":{"line":171,"column":3}},"13":{"start":{"line":32,"column":4},"end":{"line":32,"column":59}},"14":{"start":{"line":35,"column":2},"end":{"line":169,"column":6}},"15":{"start":{"line":38,"column":20},"end":{"line":89,"column":9}},"16":{"start":{"line":42,"column":8},"end":{"line":88,"column":37}},"17":{"start":{"line":43,"column":10},"end":{"line":87,"column":11}},"18":{"start":{"line":44,"column":12},"end":{"line":86,"column":13}},"19":{"start":{"line":46,"column":16},"end":{"line":46,"column":34}},"20":{"start":{"line":47,"column":16},"end":{"line":47,"column":34}},"21":{"start":{"line":48,"column":16},"end":{"line":48,"column":66}},"22":{"start":{"line":51,"column":16},"end":{"line":51,"column":50}},"23":{"start":{"line":53,"column":16},"end":{"line":56,"column":17}},"24":{"start":{"line":54,"column":18},"end":{"line":54,"column":36}},"25":{"start":{"line":55,"column":18},"end":{"line":55,"column":24}},"26":{"start":{"line":58,"column":16},"end":{"line":58,"column":125}},"27":{"start":{"line":61,"column":16},"end":{"line":61,"column":34}},"28":{"start":{"line":62,"column":16},"end":{"line":62,"column":56}},"29":{"start":{"line":65,"column":16},"end":{"line":65,"column":40}},"30":{"start":{"line":67,"column":16},"end":{"line":70,"column":17}},"31":{"start":{"line":68,"column":18},"end":{"line":68,"column":37}},"32":{"start":{"line":69,"column":18},"end":{"line":69,"column":24}},"33":{"start":{"line":72,"column":16},"end":{"line":72,"column":125}},"34":{"start":{"line":75,"column":16},"end":{"line":75,"column":68}},"35":{"start":{"line":76,"column":16},"end":{"line":76,"column":100}},"36":{"start":{"line":79,"column":16},"end":{"line":79,"column":35}},"37":{"start":{"line":80,"column":16},"end":{"line":80,"column":51}},"38":{"start":{"line":81,"column":16},"end":{"line":81,"column":127}},"39":{"start":{"line":85,"column":16},"end":{"line":85,"column":39}},"40":{"start":{"line":92,"column":8},"end":{"line":92,"column":46}},"41":{"start":{"line":95,"column":6},"end":{"line":95,"column":20}},"42":{"start":{"line":101,"column":21},"end":{"line":109,"column":7}},"43":{"start":{"line":110,"column":6},"end":{"line":110,"column":22}},"44":{"start":{"line":115,"column":20},"end":{"line":161,"column":9}},"45":{"start":{"line":119,"column":8},"end":{"line":160,"column":38}},"46":{"start":{"line":120,"column":10},"end":{"line":159,"column":11}},"47":{"start":{"line":121,"column":12},"end":{"line":158,"column":13}},"48":{"start":{"line":123,"column":16},"end":{"line":123,"column":35}},"49":{"start":{"line":124,"column":16},"end":{"line":124,"column":35}},"50":{"start":{"line":125,"column":16},"end":{"line":125,"column":56}},"51":{"start":{"line":128,"column":16},"end":{"line":128,"column":46}},"52":{"start":{"line":130,"column":16},"end":{"line":133,"column":17}},"53":{"start":{"line":131,"column":18},"end":{"line":131,"column":37}},"54":{"start":{"line":132,"column":18},"end":{"line":132,"column":24}},"55":{"start":{"line":135,"column":16},"end":{"line":135,"column":128}},"56":{"start":{"line":138,"column":16},"end":{"line":141,"column":17}},"57":{"start":{"line":139,"column":18},"end":{"line":139,"column":37}},"58":{"start":{"line":140,"column":18},"end":{"line":140,"column":24}},"59":{"start":{"line":143,"column":16},"end":{"line":143,"column":129}},"60":{"start":{"line":146,"column":16},"end":{"line":146,"column":42}},"61":{"start":{"line":147,"column":16},"end":{"line":147,"column":73}},"62":{"start":{"line":148,"column":16},"end":{"line":148,"column":101}},"63":{"start":{"line":151,"column":16},"end":{"line":151,"column":36}},"64":{"start":{"line":152,"column":16},"end":{"line":152,"column":53}},"65":{"start":{"line":153,"column":16},"end":{"line":153,"column":127}},"66":{"start":{"line":157,"column":16},"end":{"line":157,"column":40}},"67":{"start":{"line":164,"column":8},"end":{"line":164,"column":46}},"68":{"start":{"line":167,"column":6},"end":{"line":167,"column":20}},"69":{"start":{"line":170,"column":2},"end":{"line":170,"column":24}},"70":{"start":{"line":173,"column":15},"end":{"line":173,"column":29}},"71":{"start":{"line":174,"column":0},"end":{"line":174,"column":30}}},"fnMap":{"0":{"name":"(anonymous_0)","decl":{"start":{"line":30,"column":0},"end":{"line":30,"column":1}},"loc":{"start":{"line":30,"column":12},"end":{"line":171,"column":1}},"line":30},"1":{"name":"UserController","decl":{"start":{"line":31,"column":11},"end":{"line":31,"column":25}},"loc":{"start":{"line":31,"column":28},"end":{"line":33,"column":3}},"line":31},"2":{"name":"(anonymous_2)","decl":{"start":{"line":37,"column":11},"end":{"line":37,"column":12}},"loc":{"start":{"line":37,"column":23},"end":{"line":96,"column":5}},"line":37},"3":{"name":"_callee","decl":{"start":{"line":40,"column":44},"end":{"line":40,"column":51}},"loc":{"start":{"line":40,"column":62},"end":{"line":89,"column":7}},"line":40},"4":{"name":"_callee$","decl":{"start":{"line":42,"column":53},"end":{"line":42,"column":61}},"loc":{"start":{"line":42,"column":72},"end":{"line":88,"column":9}},"line":42},"5":{"name":"signup","decl":{"start":{"line":91,"column":15},"end":{"line":91,"column":21}},"loc":{"start":{"line":91,"column":31},"end":{"line":93,"column":7}},"line":91},"6":{"name":"createUserObject","decl":{"start":{"line":100,"column":20},"end":{"line":100,"column":36}},"loc":{"start":{"line":100,"column":46},"end":{"line":111,"column":5}},"line":100},"7":{"name":"(anonymous_7)","decl":{"start":{"line":114,"column":11},"end":{"line":114,"column":12}},"loc":{"start":{"line":114,"column":23},"end":{"line":168,"column":5}},"line":114},"8":{"name":"_callee2","decl":{"start":{"line":117,"column":44},"end":{"line":117,"column":52}},"loc":{"start":{"line":117,"column":63},"end":{"line":161,"column":7}},"line":117},"9":{"name":"_callee2$","decl":{"start":{"line":119,"column":53},"end":{"line":119,"column":62}},"loc":{"start":{"line":119,"column":74},"end":{"line":160,"column":9}},"line":119},"10":{"name":"signin","decl":{"start":{"line":163,"column":15},"end":{"line":163,"column":21}},"loc":{"start":{"line":163,"column":32},"end":{"line":165,"column":7}},"line":163}},"branchMap":{"0":{"loc":{"start":{"line":44,"column":12},"end":{"line":86,"column":13}},"type":"switch","locations":[{"start":{"line":45,"column":14},"end":{"line":48,"column":66}},{"start":{"line":50,"column":14},"end":{"line":58,"column":125}},{"start":{"line":60,"column":14},"end":{"line":62,"column":56}},{"start":{"line":64,"column":14},"end":{"line":72,"column":125}},{"start":{"line":74,"column":14},"end":{"line":76,"column":100}},{"start":{"line":78,"column":14},"end":{"line":81,"column":127}},{"start":{"line":83,"column":14},"end":{"line":83,"column":22}},{"start":{"line":84,"column":14},"end":{"line":85,"column":39}}],"line":44},"1":{"loc":{"start":{"line":53,"column":16},"end":{"line":56,"column":17}},"type":"if","locations":[{"start":{"line":53,"column":16},"end":{"line":56,"column":17}},{"start":{"line":53,"column":16},"end":{"line":56,"column":17}}],"line":53},"2":{"loc":{"start":{"line":67,"column":16},"end":{"line":70,"column":17}},"type":"if","locations":[{"start":{"line":67,"column":16},"end":{"line":70,"column":17}},{"start":{"line":67,"column":16},"end":{"line":70,"column":17}}],"line":67},"3":{"loc":{"start":{"line":121,"column":12},"end":{"line":158,"column":13}},"type":"switch","locations":[{"start":{"line":122,"column":14},"end":{"line":125,"column":56}},{"start":{"line":127,"column":14},"end":{"line":135,"column":128}},{"start":{"line":137,"column":14},"end":{"line":143,"column":129}},{"start":{"line":145,"column":14},"end":{"line":148,"column":101}},{"start":{"line":150,"column":14},"end":{"line":153,"column":127}},{"start":{"line":155,"column":14},"end":{"line":155,"column":22}},{"start":{"line":156,"column":14},"end":{"line":157,"column":40}}],"line":121},"4":{"loc":{"start":{"line":130,"column":16},"end":{"line":133,"column":17}},"type":"if","locations":[{"start":{"line":130,"column":16},"end":{"line":133,"column":17}},{"start":{"line":130,"column":16},"end":{"line":133,"column":17}}],"line":130},"5":{"loc":{"start":{"line":138,"column":16},"end":{"line":141,"column":17}},"type":"if","locations":[{"start":{"line":138,"column":16},"end":{"line":141,"column":17}},{"start":{"line":138,"column":16},"end":{"line":141,"column":17}}],"line":138}},"s":{"0":1,"1":1,"2":1,"3":1,"4":1,"5":1,"6":1,"7":1,"8":1,"9":1,"10":1,"11":1,"12":1,"13":0,"14":1,"15":1,"16":0,"17":0,"18":0,"19":0,"20":0,"21":0,"22":0,"23":0,"24":0,"25":0,"26":0,"27":0,"28":0,"29":0,"30":0,"31":0,"32":0,"33":0,"34":0,"35":0,"36":0,"37":0,"38":0,"39":0,"40":0,"41":1,"42":0,"43":0,"44":1,"45":0,"46":0,"47":0,"48":0,"49":0,"50":0,"51":0,"52":0,"53":0,"54":0,"55":0,"56":0,"57":0,"58":0,"59":0,"60":0,"61":0,"62":0,"63":0,"64":0,"65":0,"66":0,"67":0,"68":1,"69":1,"70":1,"71":1},"f":{"0":1,"1":0,"2":1,"3":0,"4":0,"5":0,"6":0,"7":1,"8":0,"9":0,"10":0},"b":{"0":[0,0,0,0,0,0,0,0],"1":[0,0],"2":[0,0],"3":[0,0,0,0,0,0,0],"4":[0,0],"5":[0,0]},"_coverageSchema":"43e27e138ebf9cfc5966b082cf9a028302ed4184","hash":"9db675f270f22563b538703d73b29713ae43a022","contentHash":"f2dd22b99230a8567f49227bd80256c462dfed85120003ab0fe40e7fa5dbb713"},"C:\\Users\\HP\\Desktop\\my-node\\diff-model - Messwith\\src\\models\\usersModel.js":{"path":"C:\\Users\\HP\\Desktop\\my-node\\diff-model - Messwith\\src\\models\\usersModel.js","statementMap":{"0":{"start":{"line":3,"column":29},"end":{"line":3,"column":84}},"1":{"start":{"line":5,"column":0},"end":{"line":7,"column":3}},"2":{"start":{"line":8,"column":0},"end":{"line":8,"column":28}},"3":{"start":{"line":10,"column":19},"end":{"line":10,"column":80}},"4":{"start":{"line":12,"column":25},"end":{"line":12,"column":99}},"5":{"start":{"line":14,"column":23},"end":{"line":14,"column":95}},"6":{"start":{"line":16,"column":20},"end":{"line":16,"column":89}},"7":{"start":{"line":18,"column":34},"end":{"line":18,"column":117}},"8":{"start":{"line":20,"column":23},"end":{"line":20,"column":95}},"9":{"start":{"line":22,"column":17},"end":{"line":22,"column":83}},"10":{"start":{"line":24,"column":21},"end":{"line":24,"column":80}},"11":{"start":{"line":26,"column":19},"end":{"line":26,"column":66}},"12":{"start":{"line":30,"column":0},"end":{"line":214,"column":26}},"13":{"start":{"line":31,"column":2},"end":{"line":31,"column":54}},"14":{"start":{"line":34,"column":4},"end":{"line":34,"column":55}},"15":{"start":{"line":35,"column":4},"end":{"line":35,"column":130}},"16":{"start":{"line":38,"column":2},"end":{"line":212,"column":6}},"17":{"start":{"line":42,"column":25},"end":{"line":74,"column":9}},"18":{"start":{"line":46,"column":8},"end":{"line":73,"column":37}},"19":{"start":{"line":47,"column":10},"end":{"line":72,"column":11}},"20":{"start":{"line":48,"column":12},"end":{"line":71,"column":13}},"21":{"start":{"line":50,"column":16},"end":{"line":50,"column":119}},"22":{"start":{"line":51,"column":16},"end":{"line":51,"column":82}},"23":{"start":{"line":52,"column":16},"end":{"line":52,"column":48}},"24":{"start":{"line":53,"column":16},"end":{"line":53,"column":34}},"25":{"start":{"line":54,"column":16},"end":{"line":54,"column":34}},"26":{"start":{"line":55,"column":16},"end":{"line":55,"column":147}},"27":{"start":{"line":58,"column":16},"end":{"line":58,"column":37}},"28":{"start":{"line":59,"column":16},"end":{"line":59,"column":34}},"29":{"start":{"line":60,"column":16},"end":{"line":60,"column":38}},"30":{"start":{"line":61,"column":16},"end":{"line":61,"column":59}},"31":{"start":{"line":64,"column":16},"end":{"line":64,"column":35}},"32":{"start":{"line":65,"column":16},"end":{"line":65,"column":51}},"33":{"start":{"line":66,"column":16},"end":{"line":66,"column":62}},"34":{"start":{"line":70,"column":16},"end":{"line":70,"column":39}},"35":{"start":{"line":77,"column":8},"end":{"line":77,"column":51}},"36":{"start":{"line":80,"column":6},"end":{"line":80,"column":25}},"37":{"start":{"line":85,"column":29},"end":{"line":114,"column":9}},"38":{"start":{"line":90,"column":8},"end":{"line":113,"column":37}},"39":{"start":{"line":91,"column":10},"end":{"line":112,"column":11}},"40":{"start":{"line":92,"column":12},"end":{"line":111,"column":13}},"41":{"start":{"line":94,"column":16},"end":{"line":94,"column":35}},"42":{"start":{"line":95,"column":16},"end":{"line":95,"column":35}},"43":{"start":{"line":96,"column":16},"end":{"line":96,"column":66}},"44":{"start":{"line":99,"column":16},"end":{"line":99,"column":39}},"45":{"start":{"line":100,"column":16},"end":{"line":100,"column":34}},"46":{"start":{"line":101,"column":16},"end":{"line":101,"column":59}},"47":{"start":{"line":104,"column":16},"end":{"line":104,"column":35}},"48":{"start":{"line":105,"column":16},"end":{"line":105,"column":53}},"49":{"start":{"line":106,"column":16},"end":{"line":106,"column":64}},"50":{"start":{"line":110,"column":16},"end":{"line":110,"column":40}},"51":{"start":{"line":117,"column":8},"end":{"line":117,"column":55}},"52":{"start":{"line":120,"column":6},"end":{"line":120,"column":29}},"53":{"start":{"line":125,"column":25},"end":{"line":164,"column":9}},"54":{"start":{"line":129,"column":8},"end":{"line":163,"column":38}},"55":{"start":{"line":130,"column":10},"end":{"line":162,"column":11}},"56":{"start":{"line":131,"column":12},"end":{"line":161,"column":13}},"57":{"start":{"line":133,"column":16},"end":{"line":133,"column":63}},"58":{"start":{"line":134,"column":16},"end":{"line":134,"column":35}},"59":{"start":{"line":135,"column":16},"end":{"line":135,"column":35}},"60":{"start":{"line":136,"column":16},"end":{"line":136,"column":51}},"61":{"start":{"line":139,"column":16},"end":{"line":139,"column":43}},"62":{"start":{"line":141,"column":16},"end":{"line":144,"column":17}},"63":{"start":{"line":142,"column":18},"end":{"line":142,"column":37}},"64":{"start":{"line":143,"column":18},"end":{"line":143,"column":24}},"65":{"start":{"line":146,"column":16},"end":{"line":146,"column":61}},"66":{"start":{"line":149,"column":16},"end":{"line":151,"column":19}},"67":{"start":{"line":154,"column":16},"end":{"line":154,"column":36}},"68":{"start":{"line":155,"column":16},"end":{"line":155,"column":53}},"69":{"start":{"line":156,"column":16},"end":{"line":156,"column":64}},"70":{"start":{"line":160,"column":16},"end":{"line":160,"column":40}},"71":{"start":{"line":167,"column":8},"end":{"line":167,"column":51}},"72":{"start":{"line":170,"column":6},"end":{"line":170,"column":25}},"73":{"start":{"line":175,"column":26},"end":{"line":204,"column":9}},"74":{"start":{"line":180,"column":8},"end":{"line":203,"column":37}},"75":{"start":{"line":181,"column":10},"end":{"line":202,"column":11}},"76":{"start":{"line":182,"column":12},"end":{"line":201,"column":13}},"77":{"start":{"line":184,"column":16},"end":{"line":184,"column":35}},"78":{"start":{"line":185,"column":16},"end":{"line":185,"column":35}},"79":{"start":{"line":186,"column":16},"end":{"line":186,"column":60}},"80":{"start":{"line":189,"column":16},"end":{"line":189,"column":39}},"81":{"start":{"line":190,"column":16},"end":{"line":190,"column":34}},"82":{"start":{"line":191,"column":16},"end":{"line":191,"column":59}},"83":{"start":{"line":194,"column":16},"end":{"line":194,"column":35}},"84":{"start":{"line":195,"column":16},"end":{"line":195,"column":53}},"85":{"start":{"line":196,"column":16},"end":{"line":196,"column":64}},"86":{"start":{"line":200,"column":16},"end":{"line":200,"column":40}},"87":{"start":{"line":207,"column":8},"end":{"line":207,"column":52}},"88":{"start":{"line":210,"column":6},"end":{"line":210,"column":26}},"89":{"start":{"line":213,"column":2},"end":{"line":213,"column":20}},"90":{"start":{"line":216,"column":15},"end":{"line":216,"column":25}},"91":{"start":{"line":217,"column":0},"end":{"line":217,"column":30}}},"fnMap":{"0":{"name":"(anonymous_0)","decl":{"start":{"line":30,"column":0},"end":{"line":30,"column":1}},"loc":{"start":{"line":30,"column":23},"end":{"line":214,"column":1}},"line":30},"1":{"name":"UsersModel","decl":{"start":{"line":33,"column":11},"end":{"line":33,"column":21}},"loc":{"start":{"line":33,"column":24},"end":{"line":36,"column":3}},"line":33},"2":{"name":"(anonymous_2)","decl":{"start":{"line":41,"column":11},"end":{"line":41,"column":12}},"loc":{"start":{"line":41,"column":23},"end":{"line":81,"column":5}},"line":41},"3":{"name":"_callee","decl":{"start":{"line":44,"column":44},"end":{"line":44,"column":51}},"loc":{"start":{"line":44,"column":58},"end":{"line":74,"column":7}},"line":44},"4":{"name":"_callee$","decl":{"start":{"line":46,"column":53},"end":{"line":46,"column":61}},"loc":{"start":{"line":46,"column":72},"end":{"line":73,"column":9}},"line":46},"5":{"name":"signupQuery","decl":{"start":{"line":76,"column":15},"end":{"line":76,"column":26}},"loc":{"start":{"line":76,"column":31},"end":{"line":78,"column":7}},"line":76},"6":{"name":"(anonymous_6)","decl":{"start":{"line":84,"column":11},"end":{"line":84,"column":12}},"loc":{"start":{"line":84,"column":23},"end":{"line":121,"column":5}},"line":84},"7":{"name":"_callee2","decl":{"start":{"line":87,"column":44},"end":{"line":87,"column":52}},"loc":{"start":{"line":87,"column":60},"end":{"line":114,"column":7}},"line":87},"8":{"name":"_callee2$","decl":{"start":{"line":90,"column":53},"end":{"line":90,"column":62}},"loc":{"start":{"line":90,"column":74},"end":{"line":113,"column":9}},"line":90},"9":{"name":"findUserByEmail","decl":{"start":{"line":116,"column":15},"end":{"line":116,"column":30}},"loc":{"start":{"line":116,"column":36},"end":{"line":118,"column":7}},"line":116},"10":{"name":"(anonymous_10)","decl":{"start":{"line":124,"column":11},"end":{"line":124,"column":12}},"loc":{"start":{"line":124,"column":23},"end":{"line":171,"column":5}},"line":124},"11":{"name":"_callee3","decl":{"start":{"line":127,"column":44},"end":{"line":127,"column":52}},"loc":{"start":{"line":127,"column":60},"end":{"line":164,"column":7}},"line":127},"12":{"name":"_callee3$","decl":{"start":{"line":129,"column":53},"end":{"line":129,"column":62}},"loc":{"start":{"line":129,"column":74},"end":{"line":163,"column":9}},"line":129},"13":{"name":"signinQuery","decl":{"start":{"line":166,"column":15},"end":{"line":166,"column":26}},"loc":{"start":{"line":166,"column":32},"end":{"line":168,"column":7}},"line":166},"14":{"name":"(anonymous_14)","decl":{"start":{"line":174,"column":11},"end":{"line":174,"column":12}},"loc":{"start":{"line":174,"column":23},"end":{"line":211,"column":5}},"line":174},"15":{"name":"_callee4","decl":{"start":{"line":177,"column":44},"end":{"line":177,"column":52}},"loc":{"start":{"line":177,"column":57},"end":{"line":204,"column":7}},"line":177},"16":{"name":"_callee4$","decl":{"start":{"line":180,"column":53},"end":{"line":180,"column":62}},"loc":{"start":{"line":180,"column":74},"end":{"line":203,"column":9}},"line":180},"17":{"name":"findUserById","decl":{"start":{"line":206,"column":15},"end":{"line":206,"column":27}},"loc":{"start":{"line":206,"column":33},"end":{"line":208,"column":7}},"line":206}},"branchMap":{"0":{"loc":{"start":{"line":48,"column":12},"end":{"line":71,"column":13}},"type":"switch","locations":[{"start":{"line":49,"column":14},"end":{"line":55,"column":147}},{"start":{"line":57,"column":14},"end":{"line":61,"column":59}},{"start":{"line":63,"column":14},"end":{"line":66,"column":62}},{"start":{"line":68,"column":14},"end":{"line":68,"column":22}},{"start":{"line":69,"column":14},"end":{"line":70,"column":39}}],"line":48},"1":{"loc":{"start":{"line":92,"column":12},"end":{"line":111,"column":13}},"type":"switch","locations":[{"start":{"line":93,"column":14},"end":{"line":96,"column":66}},{"start":{"line":98,"column":14},"end":{"line":101,"column":59}},{"start":{"line":103,"column":14},"end":{"line":106,"column":64}},{"start":{"line":108,"column":14},"end":{"line":108,"column":22}},{"start":{"line":109,"column":14},"end":{"line":110,"column":40}}],"line":92},"2":{"loc":{"start":{"line":131,"column":12},"end":{"line":161,"column":13}},"type":"switch","locations":[{"start":{"line":132,"column":14},"end":{"line":136,"column":51}},{"start":{"line":138,"column":14},"end":{"line":146,"column":61}},{"start":{"line":148,"column":14},"end":{"line":151,"column":19}},{"start":{"line":153,"column":14},"end":{"line":156,"column":64}},{"start":{"line":158,"column":14},"end":{"line":158,"column":22}},{"start":{"line":159,"column":14},"end":{"line":160,"column":40}}],"line":131},"3":{"loc":{"start":{"line":141,"column":16},"end":{"line":144,"column":17}},"type":"if","locations":[{"start":{"line":141,"column":16},"end":{"line":144,"column":17}},{"start":{"line":141,"column":16},"end":{"line":144,"column":17}}],"line":141},"4":{"loc":{"start":{"line":141,"column":22},"end":{"line":141,"column":106}},"type":"binary-expr","locations":[{"start":{"line":141,"column":22},"end":{"line":141,"column":31}},{"start":{"line":141,"column":35},"end":{"line":141,"column":106}}],"line":141},"5":{"loc":{"start":{"line":182,"column":12},"end":{"line":201,"column":13}},"type":"switch","locations":[{"start":{"line":183,"column":14},"end":{"line":186,"column":60}},{"start":{"line":188,"column":14},"end":{"line":191,"column":59}},{"start":{"line":193,"column":14},"end":{"line":196,"column":64}},{"start":{"line":198,"column":14},"end":{"line":198,"column":22}},{"start":{"line":199,"column":14},"end":{"line":200,"column":40}}],"line":182}},"s":{"0":1,"1":1,"2":1,"3":1,"4":1,"5":1,"6":1,"7":1,"8":1,"9":1,"10":1,"11":1,"12":1,"13":1,"14":1,"15":1,"16":1,"17":1,"18":0,"19":0,"20":0,"21":0,"22":0,"23":0,"24":0,"25":0,"26":0,"27":0,"28":0,"29":0,"30":0,"31":0,"32":0,"33":0,"34":0,"35":0,"36":1,"37":1,"38":0,"39":0,"40":0,"41":0,"42":0,"43":0,"44":0,"45":0,"46":0,"47":0,"48":0,"49":0,"50":0,"51":0,"52":1,"53":1,"54":0,"55":0,"56":0,"57":0,"58":0,"59":0,"60":0,"61":0,"62":0,"63":0,"64":0,"65":0,"66":0,"67":0,"68":0,"69":0,"70":0,"71":0,"72":1,"73":1,"74":0,"75":0,"76":0,"77":0,"78":0,"79":0,"80":0,"81":0,"82":0,"83":0,"84":0,"85":0,"86":0,"87":0,"88":1,"89":1,"90":1,"91":1},"f":{"0":1,"1":1,"2":1,"3":0,"4":0,"5":0,"6":1,"7":0,"8":0,"9":0,"10":1,"11":0,"12":0,"13":0,"14":1,"15":0,"16":0,"17":0},"b":{"0":[0,0,0,0,0],"1":[0,0,0,0,0],"2":[0,0,0,0,0,0],"3":[0,0],"4":[0,0],"5":[0,0,0,0,0]},"_coverageSchema":"43e27e138ebf9cfc5966b082cf9a028302ed4184","hash":"4714cdc75d97492a71af4f3497f63528af26db0b","contentHash":"bb3efccb95126d1082c489c74e5be42bc9080c3c4e949956a95015038e911fdc"},"C:\\Users\\HP\\Desktop\\my-node\\diff-model - Messwith\\src\\helpers\\cryptpassword.js":{"path":"C:\\Users\\HP\\Desktop\\my-node\\diff-model - Messwith\\src\\helpers\\cryptpassword.js","statementMap":{"0":{"start":{"line":3,"column":29},"end":{"line":3,"column":84}},"1":{"start":{"line":5,"column":0},"end":{"line":7,"column":3}},"2":{"start":{"line":8,"column":0},"end":{"line":8,"column":28}},"3":{"start":{"line":10,"column":14},"end":{"line":10,"column":55}},"4":{"start":{"line":12,"column":14},"end":{"line":12,"column":55}},"5":{"start":{"line":14,"column":0},"end":{"line":14,"column":28}},"6":{"start":{"line":17,"column":19},"end":{"line":19,"column":1}},"7":{"start":{"line":18,"column":2},"end":{"line":18,"column":51}},"8":{"start":{"line":21,"column":22},"end":{"line":23,"column":1}},"9":{"start":{"line":22,"column":2},"end":{"line":22,"column":66}},"10":{"start":{"line":25,"column":15},"end":{"line":28,"column":1}},"11":{"start":{"line":29,"column":0},"end":{"line":29,"column":30}}},"fnMap":{"0":{"name":"hashPassword","decl":{"start":{"line":17,"column":28},"end":{"line":17,"column":40}},"loc":{"start":{"line":17,"column":51},"end":{"line":19,"column":1}},"line":17},"1":{"name":"comparePassword","decl":{"start":{"line":21,"column":31},"end":{"line":21,"column":46}},"loc":{"start":{"line":21,"column":73},"end":{"line":23,"column":1}},"line":21}},"branchMap":{},"s":{"0":1,"1":1,"2":1,"3":1,"4":1,"5":1,"6":1,"7":0,"8":1,"9":0,"10":1,"11":1},"f":{"0":0,"1":0},"b":{},"_coverageSchema":"43e27e138ebf9cfc5966b082cf9a028302ed4184","hash":"ee6c7ea51969d13d9ac45a737706f943917142f0","contentHash":"e16c8043baae1a3b9e80845197d941a87a5503eaecb56b2c2fa5fd8dc78c2895"},"C:\\Users\\HP\\Desktop\\my-node\\diff-model - Messwith\\src\\models\\indexModel.js":{"path":"C:\\Users\\HP\\Desktop\\my-node\\diff-model - Messwith\\src\\models\\indexModel.js","statementMap":{"0":{"start":{"line":3,"column":29},"end":{"line":3,"column":84}},"1":{"start":{"line":5,"column":0},"end":{"line":7,"column":3}},"2":{"start":{"line":8,"column":0},"end":{"line":8,"column":28}},"3":{"start":{"line":10,"column":19},"end":{"line":10,"column":80}},"4":{"start":{"line":12,"column":25},"end":{"line":12,"column":99}},"5":{"start":{"line":14,"column":23},"end":{"line":14,"column":95}},"6":{"start":{"line":16,"column":20},"end":{"line":16,"column":89}},"7":{"start":{"line":18,"column":18},"end":{"line":18,"column":78}},"8":{"start":{"line":22,"column":0},"end":{"line":265,"column":3}},"9":{"start":{"line":24,"column":4},"end":{"line":24,"column":55}},"10":{"start":{"line":25,"column":4},"end":{"line":25,"column":23}},"11":{"start":{"line":26,"column":4},"end":{"line":26,"column":39}},"12":{"start":{"line":29,"column":2},"end":{"line":263,"column":6}},"13":{"start":{"line":32,"column":20},"end":{"line":60,"column":9}},"14":{"start":{"line":36,"column":8},"end":{"line":59,"column":36}},"15":{"start":{"line":37,"column":10},"end":{"line":58,"column":11}},"16":{"start":{"line":38,"column":12},"end":{"line":57,"column":13}},"17":{"start":{"line":40,"column":16},"end":{"line":40,"column":132}},"18":{"start":{"line":41,"column":16},"end":{"line":41,"column":34}},"19":{"start":{"line":42,"column":16},"end":{"line":42,"column":34}},"20":{"start":{"line":43,"column":16},"end":{"line":43,"column":61}},"21":{"start":{"line":46,"column":16},"end":{"line":46,"column":41}},"22":{"start":{"line":47,"column":16},"end":{"line":47,"column":59}},"23":{"start":{"line":50,"column":16},"end":{"line":50,"column":34}},"24":{"start":{"line":51,"column":16},"end":{"line":51,"column":51}},"25":{"start":{"line":52,"column":16},"end":{"line":52,"column":62}},"26":{"start":{"line":56,"column":16},"end":{"line":56,"column":39}},"27":{"start":{"line":63,"column":8},"end":{"line":63,"column":46}},"28":{"start":{"line":66,"column":6},"end":{"line":66,"column":20}},"29":{"start":{"line":71,"column":20},"end":{"line":99,"column":9}},"30":{"start":{"line":75,"column":8},"end":{"line":98,"column":37}},"31":{"start":{"line":76,"column":10},"end":{"line":97,"column":11}},"32":{"start":{"line":77,"column":12},"end":{"line":96,"column":13}},"33":{"start":{"line":79,"column":16},"end":{"line":79,"column":129}},"34":{"start":{"line":80,"column":16},"end":{"line":80,"column":35}},"35":{"start":{"line":81,"column":16},"end":{"line":81,"column":35}},"36":{"start":{"line":82,"column":16},"end":{"line":82,"column":61}},"37":{"start":{"line":85,"column":16},"end":{"line":85,"column":42}},"38":{"start":{"line":86,"column":16},"end":{"line":86,"column":60}},"39":{"start":{"line":89,"column":16},"end":{"line":89,"column":35}},"40":{"start":{"line":90,"column":16},"end":{"line":90,"column":53}},"41":{"start":{"line":91,"column":16},"end":{"line":91,"column":64}},"42":{"start":{"line":95,"column":16},"end":{"line":95,"column":40}},"43":{"start":{"line":102,"column":8},"end":{"line":102,"column":46}},"44":{"start":{"line":105,"column":6},"end":{"line":105,"column":20}},"45":{"start":{"line":110,"column":21},"end":{"line":138,"column":9}},"46":{"start":{"line":114,"column":8},"end":{"line":137,"column":37}},"47":{"start":{"line":115,"column":10},"end":{"line":136,"column":11}},"48":{"start":{"line":116,"column":12},"end":{"line":135,"column":13}},"49":{"start":{"line":118,"column":16},"end":{"line":118,"column":93}},"50":{"start":{"line":119,"column":16},"end":{"line":119,"column":35}},"51":{"start":{"line":120,"column":16},"end":{"line":120,"column":35}},"52":{"start":{"line":121,"column":16},"end":{"line":121,"column":61}},"53":{"start":{"line":124,"column":16},"end":{"line":124,"column":42}},"54":{"start":{"line":125,"column":16},"end":{"line":125,"column":60}},"55":{"start":{"line":128,"column":16},"end":{"line":128,"column":35}},"56":{"start":{"line":129,"column":16},"end":{"line":129,"column":53}},"57":{"start":{"line":130,"column":16},"end":{"line":130,"column":64}},"58":{"start":{"line":134,"column":16},"end":{"line":134,"column":40}},"59":{"start":{"line":141,"column":8},"end":{"line":141,"column":47}},"60":{"start":{"line":144,"column":6},"end":{"line":144,"column":21}},"61":{"start":{"line":149,"column":20},"end":{"line":177,"column":9}},"62":{"start":{"line":153,"column":8},"end":{"line":176,"column":37}},"63":{"start":{"line":154,"column":10},"end":{"line":175,"column":11}},"64":{"start":{"line":155,"column":12},"end":{"line":174,"column":13}},"65":{"start":{"line":157,"column":16},"end":{"line":157,"column":85}},"66":{"start":{"line":158,"column":16},"end":{"line":158,"column":35}},"67":{"start":{"line":159,"column":16},"end":{"line":159,"column":35}},"68":{"start":{"line":160,"column":16},"end":{"line":160,"column":52}},"69":{"start":{"line":163,"column":16},"end":{"line":163,"column":42}},"70":{"start":{"line":164,"column":16},"end":{"line":164,"column":60}},"71":{"start":{"line":167,"column":16},"end":{"line":167,"column":35}},"72":{"start":{"line":168,"column":16},"end":{"line":168,"column":53}},"73":{"start":{"line":169,"column":16},"end":{"line":169,"column":64}},"74":{"start":{"line":173,"column":16},"end":{"line":173,"column":40}},"75":{"start":{"line":180,"column":8},"end":{"line":180,"column":46}},"76":{"start":{"line":183,"column":6},"end":{"line":183,"column":20}},"77":{"start":{"line":188,"column":28},"end":{"line":216,"column":9}},"78":{"start":{"line":192,"column":8},"end":{"line":215,"column":37}},"79":{"start":{"line":193,"column":10},"end":{"line":214,"column":11}},"80":{"start":{"line":194,"column":12},"end":{"line":213,"column":13}},"81":{"start":{"line":196,"column":16},"end":{"line":196,"column":155}},"82":{"start":{"line":197,"column":16},"end":{"line":197,"column":35}},"83":{"start":{"line":198,"column":16},"end":{"line":198,"column":35}},"84":{"start":{"line":199,"column":16},"end":{"line":199,"column":60}},"85":{"start":{"line":202,"column":16},"end":{"line":202,"column":42}},"86":{"start":{"line":203,"column":16},"end":{"line":203,"column":60}},"87":{"start":{"line":206,"column":16},"end":{"line":206,"column":35}},"88":{"start":{"line":207,"column":16},"end":{"line":207,"column":53}},"89":{"start":{"line":208,"column":16},"end":{"line":208,"column":64}},"90":{"start":{"line":212,"column":16},"end":{"line":212,"column":40}},"91":{"start":{"line":219,"column":8},"end":{"line":219,"column":54}},"92":{"start":{"line":222,"column":6},"end":{"line":222,"column":28}},"93":{"start":{"line":227,"column":25},"end":{"line":255,"column":9}},"94":{"start":{"line":231,"column":8},"end":{"line":254,"column":37}},"95":{"start":{"line":232,"column":10},"end":{"line":253,"column":11}},"96":{"start":{"line":233,"column":12},"end":{"line":252,"column":13}},"97":{"start":{"line":235,"column":16},"end":{"line":235,"column":113}},"98":{"start":{"line":236,"column":16},"end":{"line":236,"column":35}},"99":{"start":{"line":237,"column":16},"end":{"line":237,"column":35}},"100":{"start":{"line":238,"column":16},"end":{"line":238,"column":60}},"101":{"start":{"line":241,"column":16},"end":{"line":241,"column":42}},"102":{"start":{"line":242,"column":16},"end":{"line":242,"column":60}},"103":{"start":{"line":245,"column":16},"end":{"line":245,"column":35}},"104":{"start":{"line":246,"column":16},"end":{"line":246,"column":53}},"105":{"start":{"line":247,"column":16},"end":{"line":247,"column":64}},"106":{"start":{"line":251,"column":16},"end":{"line":251,"column":40}},"107":{"start":{"line":258,"column":8},"end":{"line":258,"column":51}},"108":{"start":{"line":261,"column":6},"end":{"line":261,"column":25}},"109":{"start":{"line":264,"column":2},"end":{"line":264,"column":20}},"110":{"start":{"line":267,"column":15},"end":{"line":267,"column":25}},"111":{"start":{"line":268,"column":0},"end":{"line":268,"column":30}}},"fnMap":{"0":{"name":"(anonymous_0)","decl":{"start":{"line":22,"column":0},"end":{"line":22,"column":1}},"loc":{"start":{"line":22,"column":12},"end":{"line":265,"column":1}},"line":22},"1":{"name":"IndexModel","decl":{"start":{"line":23,"column":11},"end":{"line":23,"column":21}},"loc":{"start":{"line":23,"column":29},"end":{"line":27,"column":3}},"line":23},"2":{"name":"(anonymous_2)","decl":{"start":{"line":31,"column":11},"end":{"line":31,"column":12}},"loc":{"start":{"line":31,"column":23},"end":{"line":67,"column":5}},"line":31},"3":{"name":"_callee","decl":{"start":{"line":34,"column":44},"end":{"line":34,"column":51}},"loc":{"start":{"line":34,"column":79},"end":{"line":60,"column":7}},"line":34},"4":{"name":"_callee$","decl":{"start":{"line":36,"column":53},"end":{"line":36,"column":61}},"loc":{"start":{"line":36,"column":72},"end":{"line":59,"column":9}},"line":36},"5":{"name":"insert","decl":{"start":{"line":62,"column":15},"end":{"line":62,"column":21}},"loc":{"start":{"line":62,"column":36},"end":{"line":64,"column":7}},"line":62},"6":{"name":"(anonymous_6)","decl":{"start":{"line":70,"column":11},"end":{"line":70,"column":12}},"loc":{"start":{"line":70,"column":23},"end":{"line":106,"column":5}},"line":70},"7":{"name":"_callee2","decl":{"start":{"line":73,"column":44},"end":{"line":73,"column":52}},"loc":{"start":{"line":73,"column":80},"end":{"line":99,"column":7}},"line":73},"8":{"name":"_callee2$","decl":{"start":{"line":75,"column":53},"end":{"line":75,"column":62}},"loc":{"start":{"line":75,"column":74},"end":{"line":98,"column":9}},"line":75},"9":{"name":"update","decl":{"start":{"line":101,"column":15},"end":{"line":101,"column":21}},"loc":{"start":{"line":101,"column":37},"end":{"line":103,"column":7}},"line":101},"10":{"name":"(anonymous_10)","decl":{"start":{"line":109,"column":11},"end":{"line":109,"column":12}},"loc":{"start":{"line":109,"column":23},"end":{"line":145,"column":5}},"line":109},"11":{"name":"_callee3","decl":{"start":{"line":112,"column":44},"end":{"line":112,"column":52}},"loc":{"start":{"line":112,"column":71},"end":{"line":138,"column":7}},"line":112},"12":{"name":"_callee3$","decl":{"start":{"line":114,"column":53},"end":{"line":114,"column":62}},"loc":{"start":{"line":114,"column":74},"end":{"line":137,"column":9}},"line":114},"13":{"name":"_delete","decl":{"start":{"line":140,"column":15},"end":{"line":140,"column":22}},"loc":{"start":{"line":140,"column":33},"end":{"line":142,"column":7}},"line":140},"14":{"name":"(anonymous_14)","decl":{"start":{"line":148,"column":11},"end":{"line":148,"column":12}},"loc":{"start":{"line":148,"column":23},"end":{"line":184,"column":5}},"line":148},"15":{"name":"_callee4","decl":{"start":{"line":151,"column":44},"end":{"line":151,"column":52}},"loc":{"start":{"line":151,"column":62},"end":{"line":177,"column":7}},"line":151},"16":{"name":"_callee4$","decl":{"start":{"line":153,"column":53},"end":{"line":153,"column":62}},"loc":{"start":{"line":153,"column":74},"end":{"line":176,"column":9}},"line":153},"17":{"name":"select","decl":{"start":{"line":179,"column":15},"end":{"line":179,"column":21}},"loc":{"start":{"line":179,"column":27},"end":{"line":181,"column":7}},"line":179},"18":{"name":"(anonymous_18)","decl":{"start":{"line":187,"column":11},"end":{"line":187,"column":12}},"loc":{"start":{"line":187,"column":23},"end":{"line":223,"column":5}},"line":187},"19":{"name":"_callee5","decl":{"start":{"line":190,"column":44},"end":{"line":190,"column":52}},"loc":{"start":{"line":190,"column":95},"end":{"line":216,"column":7}},"line":190},"20":{"name":"_callee5$","decl":{"start":{"line":192,"column":53},"end":{"line":192,"column":62}},"loc":{"start":{"line":192,"column":74},"end":{"line":215,"column":9}},"line":192},"21":{"name":"selectWithJoin","decl":{"start":{"line":218,"column":15},"end":{"line":218,"column":29}},"loc":{"start":{"line":218,"column":54},"end":{"line":220,"column":7}},"line":218},"22":{"name":"(anonymous_22)","decl":{"start":{"line":226,"column":11},"end":{"line":226,"column":12}},"loc":{"start":{"line":226,"column":23},"end":{"line":262,"column":5}},"line":226},"23":{"name":"_callee6","decl":{"start":{"line":229,"column":44},"end":{"line":229,"column":52}},"loc":{"start":{"line":229,"column":80},"end":{"line":255,"column":7}},"line":229},"24":{"name":"_callee6$","decl":{"start":{"line":231,"column":53},"end":{"line":231,"column":62}},"loc":{"start":{"line":231,"column":74},"end":{"line":254,"column":9}},"line":231},"25":{"name":"selectWhere","decl":{"start":{"line":257,"column":15},"end":{"line":257,"column":26}},"loc":{"start":{"line":257,"column":45},"end":{"line":259,"column":7}},"line":257}},"branchMap":{"0":{"loc":{"start":{"line":38,"column":12},"end":{"line":57,"column":13}},"type":"switch","locations":[{"start":{"line":39,"column":14},"end":{"line":43,"column":61}},{"start":{"line":45,"column":14},"end":{"line":47,"column":59}},{"start":{"line":49,"column":14},"end":{"line":52,"column":62}},{"start":{"line":54,"column":14},"end":{"line":54,"column":22}},{"start":{"line":55,"column":14},"end":{"line":56,"column":39}}],"line":38},"1":{"loc":{"start":{"line":77,"column":12},"end":{"line":96,"column":13}},"type":"switch","locations":[{"start":{"line":78,"column":14},"end":{"line":82,"column":61}},{"start":{"line":84,"column":14},"end":{"line":86,"column":60}},{"start":{"line":88,"column":14},"end":{"line":91,"column":64}},{"start":{"line":93,"column":14},"end":{"line":93,"column":22}},{"start":{"line":94,"column":14},"end":{"line":95,"column":40}}],"line":77},"2":{"loc":{"start":{"line":116,"column":12},"end":{"line":135,"column":13}},"type":"switch","locations":[{"start":{"line":117,"column":14},"end":{"line":121,"column":61}},{"start":{"line":123,"column":14},"end":{"line":125,"column":60}},{"start":{"line":127,"column":14},"end":{"line":130,"column":64}},{"start":{"line":132,"column":14},"end":{"line":132,"column":22}},{"start":{"line":133,"column":14},"end":{"line":134,"column":40}}],"line":116},"3":{"loc":{"start":{"line":155,"column":12},"end":{"line":174,"column":13}},"type":"switch","locations":[{"start":{"line":156,"column":14},"end":{"line":160,"column":52}},{"start":{"line":162,"column":14},"end":{"line":164,"column":60}},{"start":{"line":166,"column":14},"end":{"line":169,"column":64}},{"start":{"line":171,"column":14},"end":{"line":171,"column":22}},{"start":{"line":172,"column":14},"end":{"line":173,"column":40}}],"line":155},"4":{"loc":{"start":{"line":194,"column":12},"end":{"line":213,"column":13}},"type":"switch","locations":[{"start":{"line":195,"column":14},"end":{"line":199,"column":60}},{"start":{"line":201,"column":14},"end":{"line":203,"column":60}},{"start":{"line":205,"column":14},"end":{"line":208,"column":64}},{"start":{"line":210,"column":14},"end":{"line":210,"column":22}},{"start":{"line":211,"column":14},"end":{"line":212,"column":40}}],"line":194},"5":{"loc":{"start":{"line":233,"column":12},"end":{"line":252,"column":13}},"type":"switch","locations":[{"start":{"line":234,"column":14},"end":{"line":238,"column":60}},{"start":{"line":240,"column":14},"end":{"line":242,"column":60}},{"start":{"line":244,"column":14},"end":{"line":247,"column":64}},{"start":{"line":249,"column":14},"end":{"line":249,"column":22}},{"start":{"line":250,"column":14},"end":{"line":251,"column":40}}],"line":233}},"s":{"0":1,"1":1,"2":1,"3":1,"4":1,"5":1,"6":1,"7":1,"8":1,"9":5,"10":5,"11":5,"12":1,"13":1,"14":0,"15":0,"16":0,"17":0,"18":0,"19":0,"20":0,"21":0,"22":0,"23":0,"24":0,"25":0,"26":0,"27":0,"28":1,"29":1,"30":0,"31":0,"32":0,"33":0,"34":0,"35":0,"36":0,"37":0,"38":0,"39":0,"40":0,"41":0,"42":0,"43":0,"44":1,"45":1,"46":0,"47":0,"48":0,"49":0,"50":0,"51":0,"52":0,"53":0,"54":0,"55":0,"56":0,"57":0,"58":0,"59":0,"60":1,"61":1,"62":0,"63":0,"64":0,"65":0,"66":0,"67":0,"68":0,"69":0,"70":0,"71":0,"72":0,"73":0,"74":0,"75":0,"76":1,"77":1,"78":0,"79":0,"80":0,"81":0,"82":0,"83":0,"84":0,"85":0,"86":0,"87":0,"88":0,"89":0,"90":0,"91":0,"92":1,"93":1,"94":0,"95":0,"96":0,"97":0,"98":0,"99":0,"100":0,"101":0,"102":0,"103":0,"104":0,"105":0,"106":0,"107":0,"108":1,"109":1,"110":1,"111":1},"f":{"0":1,"1":5,"2":1,"3":0,"4":0,"5":0,"6":1,"7":0,"8":0,"9":0,"10":1,"11":0,"12":0,"13":0,"14":1,"15":0,"16":0,"17":0,"18":1,"19":0,"20":0,"21":0,"22":1,"23":0,"24":0,"25":0},"b":{"0":[0,0,0,0,0],"1":[0,0,0,0,0],"2":[0,0,0,0,0],"3":[0,0,0,0,0],"4":[0,0,0,0,0],"5":[0,0,0,0,0]},"_coverageSchema":"43e27e138ebf9cfc5966b082cf9a028302ed4184","hash":"1f8702089da19a9f7fd67abdee07a74eab264a0d","contentHash":"c684a2d111680d38f97c36dbf709329bbe15f682443c1e12108f10225980a3e8"},"C:\\Users\\HP\\Desktop\\my-node\\diff-model - Messwith\\src\\database\\connection.db.js":{"path":"C:\\Users\\HP\\Desktop\\my-node\\diff-model - Messwith\\src\\database\\connection.db.js","statementMap":{"0":{"start":{"line":3,"column":29},"end":{"line":3,"column":84}},"1":{"start":{"line":5,"column":0},"end":{"line":7,"column":3}},"2":{"start":{"line":8,"column":0},"end":{"line":8,"column":28}},"3":{"start":{"line":10,"column":19},"end":{"line":10,"column":80}},"4":{"start":{"line":12,"column":25},"end":{"line":12,"column":99}},"5":{"start":{"line":14,"column":23},"end":{"line":14,"column":95}},"6":{"start":{"line":16,"column":20},"end":{"line":16,"column":89}},"7":{"start":{"line":18,"column":10},"end":{"line":18,"column":23}},"8":{"start":{"line":20,"column":14},"end":{"line":20,"column":55}},"9":{"start":{"line":22,"column":0},"end":{"line":22,"column":28}},"10":{"start":{"line":24,"column":23},"end":{"line":24,"column":112}},"11":{"start":{"line":25,"column":11},"end":{"line":27,"column":2}},"12":{"start":{"line":31,"column":0},"end":{"line":87,"column":3}},"13":{"start":{"line":33,"column":4},"end":{"line":33,"column":47}},"14":{"start":{"line":36,"column":2},"end":{"line":85,"column":6}},"15":{"start":{"line":39,"column":19},"end":{"line":77,"column":9}},"16":{"start":{"line":43,"column":8},"end":{"line":76,"column":45}},"17":{"start":{"line":44,"column":10},"end":{"line":75,"column":11}},"18":{"start":{"line":45,"column":12},"end":{"line":74,"column":13}},"19":{"start":{"line":47,"column":16},"end":{"line":47,"column":28}},"20":{"start":{"line":48,"column":16},"end":{"line":48,"column":34}},"21":{"start":{"line":49,"column":16},"end":{"line":49,"column":38}},"22":{"start":{"line":52,"column":16},"end":{"line":52,"column":39}},"23":{"start":{"line":53,"column":16},"end":{"line":53,"column":34}},"24":{"start":{"line":54,"column":16},"end":{"line":54,"column":34}},"25":{"start":{"line":55,"column":16},"end":{"line":55,"column":58}},"26":{"start":{"line":58,"column":16},"end":{"line":58,"column":39}},"27":{"start":{"line":59,"column":16},"end":{"line":59,"column":57}},"28":{"start":{"line":62,"column":16},"end":{"line":62,"column":35}},"29":{"start":{"line":63,"column":16},"end":{"line":63,"column":51}},"30":{"start":{"line":64,"column":16},"end":{"line":64,"column":62}},"31":{"start":{"line":67,"column":16},"end":{"line":67,"column":35}},"32":{"start":{"line":68,"column":16},"end":{"line":68,"column":33}},"33":{"start":{"line":69,"column":16},"end":{"line":69,"column":43}},"34":{"start":{"line":73,"column":16},"end":{"line":73,"column":39}},"35":{"start":{"line":80,"column":8},"end":{"line":80,"column":45}},"36":{"start":{"line":83,"column":6},"end":{"line":83,"column":19}},"37":{"start":{"line":86,"column":2},"end":{"line":86,"column":12}},"38":{"start":{"line":89,"column":0},"end":{"line":89,"column":24}}},"fnMap":{"0":{"name":"(anonymous_0)","decl":{"start":{"line":31,"column":0},"end":{"line":31,"column":1}},"loc":{"start":{"line":31,"column":12},"end":{"line":87,"column":1}},"line":31},"1":{"name":"Db","decl":{"start":{"line":32,"column":11},"end":{"line":32,"column":13}},"loc":{"start":{"line":32,"column":16},"end":{"line":34,"column":3}},"line":32},"2":{"name":"(anonymous_2)","decl":{"start":{"line":38,"column":11},"end":{"line":38,"column":12}},"loc":{"start":{"line":38,"column":23},"end":{"line":84,"column":5}},"line":38},"3":{"name":"_callee","decl":{"start":{"line":41,"column":44},"end":{"line":41,"column":51}},"loc":{"start":{"line":41,"column":74},"end":{"line":77,"column":7}},"line":41},"4":{"name":"_callee$","decl":{"start":{"line":43,"column":53},"end":{"line":43,"column":61}},"loc":{"start":{"line":43,"column":72},"end":{"line":76,"column":9}},"line":43},"5":{"name":"query","decl":{"start":{"line":79,"column":15},"end":{"line":79,"column":20}},"loc":{"start":{"line":79,"column":30},"end":{"line":81,"column":7}},"line":79}},"branchMap":{"0":{"loc":{"start":{"line":24,"column":23},"end":{"line":24,"column":112}},"type":"cond-expr","locations":[{"start":{"line":24,"column":62},"end":{"line":24,"column":86}},{"start":{"line":24,"column":89},"end":{"line":24,"column":112}}],"line":24},"1":{"loc":{"start":{"line":45,"column":12},"end":{"line":74,"column":13}},"type":"switch","locations":[{"start":{"line":46,"column":14},"end":{"line":49,"column":38}},{"start":{"line":51,"column":14},"end":{"line":55,"column":58}},{"start":{"line":57,"column":14},"end":{"line":59,"column":57}},{"start":{"line":61,"column":14},"end":{"line":64,"column":62}},{"start":{"line":66,"column":14},"end":{"line":69,"column":43}},{"start":{"line":71,"column":14},"end":{"line":71,"column":22}},{"start":{"line":72,"column":14},"end":{"line":73,"column":39}}],"line":45}},"s":{"0":1,"1":1,"2":1,"3":1,"4":1,"5":1,"6":1,"7":1,"8":1,"9":1,"10":1,"11":1,"12":1,"13":0,"14":1,"15":1,"16":0,"17":0,"18":0,"19":0,"20":0,"21":0,"22":0,"23":0,"24":0,"25":0,"26":0,"27":0,"28":0,"29":0,"30":0,"31":0,"32":0,"33":0,"34":0,"35":0,"36":1,"37":1,"38":1},"f":{"0":1,"1":0,"2":1,"3":0,"4":0,"5":0},"b":{"0":[0,1],"1":[0,0,0,0,0,0,0]},"_coverageSchema":"43e27e138ebf9cfc5966b082cf9a028302ed4184","hash":"76dd0cd568ca82f46be50a4898fbe4b42aaaea52","contentHash":"15340238f786f9ebbdfaf57807d71ef4855ed7ffc643f0cd524226243ecae61f"},"C:\\Users\\HP\\Desktop\\my-node\\diff-model - Messwith\\src\\helpers\\token.js":{"path":"C:\\Users\\HP\\Desktop\\my-node\\diff-model - Messwith\\src\\helpers\\token.js","statementMap":{"0":{"start":{"line":3,"column":29},"end":{"line":3,"column":84}},"1":{"start":{"line":5,"column":0},"end":{"line":7,"column":3}},"2":{"start":{"line":8,"column":0},"end":{"line":8,"column":28}},"3":{"start":{"line":10,"column":14},"end":{"line":10,"column":55}},"4":{"start":{"line":12,"column":20},"end":{"line":12,"column":67}},"5":{"start":{"line":14,"column":0},"end":{"line":14,"column":28}},"6":{"start":{"line":16,"column":13},"end":{"line":16,"column":35}},"7":{"start":{"line":18,"column":17},"end":{"line":18,"column":23}},"8":{"start":{"line":20,"column":20},"end":{"line":31,"column":1}},"9":{"start":{"line":21,"column":16},"end":{"line":21,"column":28}},"10":{"start":{"line":22,"column":14},"end":{"line":22,"column":24}},"11":{"start":{"line":23,"column":17},"end":{"line":23,"column":30}},"12":{"start":{"line":24,"column":2},"end":{"line":30,"column":5}},"13":{"start":{"line":33,"column":15},"end":{"line":33,"column":28}},"14":{"start":{"line":34,"column":0},"end":{"line":34,"column":30}}},"fnMap":{"0":{"name":"generateToken","decl":{"start":{"line":20,"column":29},"end":{"line":20,"column":42}},"loc":{"start":{"line":20,"column":49},"end":{"line":31,"column":1}},"line":20}},"branchMap":{},"s":{"0":1,"1":1,"2":1,"3":1,"4":1,"5":1,"6":1,"7":1,"8":1,"9":0,"10":0,"11":0,"12":0,"13":1,"14":1},"f":{"0":0},"b":{},"_coverageSchema":"43e27e138ebf9cfc5966b082cf9a028302ed4184","hash":"7d38301b6278fdc9486146f4ef29aaea8257afe3","contentHash":"857bb7cfd8d41815eac38f9d17d6b731579dacaf77169f0e05e64903483179ac"},"C:\\Users\\HP\\Desktop\\my-node\\diff-model - Messwith\\src\\helpers\\responder.js":{"path":"C:\\Users\\HP\\Desktop\\my-node\\diff-model - Messwith\\src\\helpers\\responder.js","statementMap":{"0":{"start":{"line":3,"column":29},"end":{"line":3,"column":84}},"1":{"start":{"line":5,"column":0},"end":{"line":7,"column":3}},"2":{"start":{"line":8,"column":0},"end":{"line":8,"column":28}},"3":{"start":{"line":10,"column":23},"end":{"line":10,"column":95}},"4":{"start":{"line":12,"column":20},"end":{"line":12,"column":89}},"5":{"start":{"line":21,"column":0},"end":{"line":44,"column":3}},"6":{"start":{"line":23,"column":4},"end":{"line":23,"column":54}},"7":{"start":{"line":26,"column":2},"end":{"line":42,"column":6}},"8":{"start":{"line":29,"column":6},"end":{"line":32,"column":9}},"9":{"start":{"line":37,"column":6},"end":{"line":40,"column":9}},"10":{"start":{"line":43,"column":2},"end":{"line":43,"column":19}},"11":{"start":{"line":46,"column":15},"end":{"line":46,"column":24}},"12":{"start":{"line":47,"column":0},"end":{"line":47,"column":30}}},"fnMap":{"0":{"name":"(anonymous_0)","decl":{"start":{"line":21,"column":0},"end":{"line":21,"column":1}},"loc":{"start":{"line":21,"column":12},"end":{"line":44,"column":1}},"line":21},"1":{"name":"Responder","decl":{"start":{"line":22,"column":11},"end":{"line":22,"column":20}},"loc":{"start":{"line":22,"column":23},"end":{"line":24,"column":3}},"line":22},"2":{"name":"success","decl":{"start":{"line":28,"column":20},"end":{"line":28,"column":27}},"loc":{"start":{"line":28,"column":51},"end":{"line":33,"column":5}},"line":28},"3":{"name":"error","decl":{"start":{"line":36,"column":20},"end":{"line":36,"column":25}},"loc":{"start":{"line":36,"column":51},"end":{"line":41,"column":5}},"line":36}},"branchMap":{},"s":{"0":1,"1":1,"2":1,"3":1,"4":1,"5":1,"6":0,"7":1,"8":0,"9":0,"10":1,"11":1,"12":1},"f":{"0":1,"1":0,"2":0,"3":0},"b":{},"_coverageSchema":"43e27e138ebf9cfc5966b082cf9a028302ed4184","hash":"235c87f4d2c4737472b471265336c014d59822ef","contentHash":"ea8bdebbc0cae89e19a7171d323abd37012ed8f4e6c28ccb8f027ca5a6800cee"},"C:\\Users\\HP\\Desktop\\my-node\\diff-model - Messwith\\src\\helpers\\errorMessage.js":{"path":"C:\\Users\\HP\\Desktop\\my-node\\diff-model - Messwith\\src\\helpers\\errorMessage.js","statementMap":{"0":{"start":{"line":3,"column":0},"end":{"line":5,"column":3}},"1":{"start":{"line":6,"column":0},"end":{"line":6,"column":28}},"2":{"start":{"line":7,"column":15},"end":{"line":23,"column":1}},"3":{"start":{"line":24,"column":15},"end":{"line":24,"column":23}},"4":{"start":{"line":25,"column":0},"end":{"line":25,"column":30}}},"fnMap":{},"branchMap":{},"s":{"0":1,"1":1,"2":1,"3":1,"4":1},"f":{},"b":{},"_coverageSchema":"43e27e138ebf9cfc5966b082cf9a028302ed4184","hash":"c3d89e84456db1a76573c25957a61b656ece0767","contentHash":"f2b72a8318204ea6de819b353a3645efab6547594ee369936e6c838c4a92cda4"},"C:\\Users\\HP\\Desktop\\my-node\\diff-model - Messwith\\src\\controllers\\bookingController.js":{"path":"C:\\Users\\HP\\Desktop\\my-node\\diff-model - Messwith\\src\\controllers\\bookingController.js","statementMap":{"0":{"start":{"line":3,"column":29},"end":{"line":3,"column":84}},"1":{"start":{"line":5,"column":0},"end":{"line":7,"column":3}},"2":{"start":{"line":8,"column":0},"end":{"line":8,"column":28}},"3":{"start":{"line":10,"column":19},"end":{"line":10,"column":80}},"4":{"start":{"line":12,"column":25},"end":{"line":12,"column":99}},"5":{"start":{"line":14,"column":23},"end":{"line":14,"column":95}},"6":{"start":{"line":16,"column":20},"end":{"line":16,"column":89}},"7":{"start":{"line":18,"column":14},"end":{"line":18,"column":55}},"8":{"start":{"line":20,"column":20},"end":{"line":20,"column":77}},"9":{"start":{"line":22,"column":17},"end":{"line":22,"column":71}},"10":{"start":{"line":24,"column":17},"end":{"line":24,"column":72}},"11":{"start":{"line":26,"column":20},"end":{"line":26,"column":78}},"12":{"start":{"line":28,"column":19},"end":{"line":28,"column":59}},"13":{"start":{"line":32,"column":0},"end":{"line":200,"column":3}},"14":{"start":{"line":34,"column":4},"end":{"line":34,"column":62}},"15":{"start":{"line":37,"column":2},"end":{"line":198,"column":6}},"16":{"start":{"line":40,"column":27},"end":{"line":114,"column":9}},"17":{"start":{"line":45,"column":8},"end":{"line":113,"column":37}},"18":{"start":{"line":46,"column":10},"end":{"line":112,"column":11}},"19":{"start":{"line":47,"column":12},"end":{"line":111,"column":13}},"20":{"start":{"line":49,"column":16},"end":{"line":49,"column":34}},"21":{"start":{"line":50,"column":16},"end":{"line":50,"column":103}},"22":{"start":{"line":51,"column":16},"end":{"line":51,"column":34}},"23":{"start":{"line":52,"column":16},"end":{"line":52,"column":78}},"24":{"start":{"line":55,"column":16},"end":{"line":55,"column":41}},"25":{"start":{"line":57,"column":16},"end":{"line":60,"column":17}},"26":{"start":{"line":58,"column":18},"end":{"line":58,"column":36}},"27":{"start":{"line":59,"column":18},"end":{"line":59,"column":24}},"28":{"start":{"line":62,"column":16},"end":{"line":62,"column":127}},"29":{"start":{"line":65,"column":16},"end":{"line":68,"column":17}},"30":{"start":{"line":66,"column":18},"end":{"line":66,"column":36}},"31":{"start":{"line":67,"column":18},"end":{"line":67,"column":24}},"32":{"start":{"line":70,"column":16},"end":{"line":70,"column":128}},"33":{"start":{"line":73,"column":16},"end":{"line":76,"column":17}},"34":{"start":{"line":74,"column":18},"end":{"line":74,"column":37}},"35":{"start":{"line":75,"column":18},"end":{"line":75,"column":24}},"36":{"start":{"line":78,"column":16},"end":{"line":78,"column":132}},"37":{"start":{"line":81,"column":16},"end":{"line":81,"column":129}},"38":{"start":{"line":83,"column":16},"end":{"line":86,"column":17}},"39":{"start":{"line":84,"column":18},"end":{"line":84,"column":37}},"40":{"start":{"line":85,"column":18},"end":{"line":85,"column":24}},"41":{"start":{"line":88,"column":16},"end":{"line":88,"column":123}},"42":{"start":{"line":91,"column":16},"end":{"line":91,"column":35}},"43":{"start":{"line":92,"column":16},"end":{"line":92,"column":85}},"44":{"start":{"line":95,"column":16},"end":{"line":95,"column":43}},"45":{"start":{"line":96,"column":16},"end":{"line":96,"column":35}},"46":{"start":{"line":97,"column":16},"end":{"line":97,"column":66}},"47":{"start":{"line":100,"column":16},"end":{"line":100,"column":40}},"48":{"start":{"line":101,"column":16},"end":{"line":101,"column":102}},"49":{"start":{"line":104,"column":16},"end":{"line":104,"column":35}},"50":{"start":{"line":105,"column":16},"end":{"line":105,"column":51}},"51":{"start":{"line":106,"column":16},"end":{"line":106,"column":126}},"52":{"start":{"line":110,"column":16},"end":{"line":110,"column":39}},"53":{"start":{"line":117,"column":8},"end":{"line":117,"column":53}},"54":{"start":{"line":120,"column":6},"end":{"line":120,"column":27}},"55":{"start":{"line":125,"column":25},"end":{"line":152,"column":9}},"56":{"start":{"line":129,"column":8},"end":{"line":151,"column":37}},"57":{"start":{"line":130,"column":10},"end":{"line":150,"column":11}},"58":{"start":{"line":131,"column":12},"end":{"line":149,"column":13}},"59":{"start":{"line":133,"column":16},"end":{"line":133,"column":35}},"60":{"start":{"line":134,"column":16},"end":{"line":134,"column":35}},"61":{"start":{"line":135,"column":16},"end":{"line":135,"column":79}},"62":{"start":{"line":138,"column":16},"end":{"line":138,"column":42}},"63":{"start":{"line":139,"column":16},"end":{"line":139,"column":101}},"64":{"start":{"line":142,"column":16},"end":{"line":142,"column":35}},"65":{"start":{"line":143,"column":16},"end":{"line":143,"column":53}},"66":{"start":{"line":144,"column":16},"end":{"line":144,"column":127}},"67":{"start":{"line":148,"column":16},"end":{"line":148,"column":40}},"68":{"start":{"line":155,"column":8},"end":{"line":155,"column":51}},"69":{"start":{"line":158,"column":6},"end":{"line":158,"column":25}},"70":{"start":{"line":163,"column":27},"end":{"line":190,"column":9}},"71":{"start":{"line":167,"column":8},"end":{"line":189,"column":37}},"72":{"start":{"line":168,"column":10},"end":{"line":188,"column":11}},"73":{"start":{"line":169,"column":12},"end":{"line":187,"column":13}},"74":{"start":{"line":171,"column":16},"end":{"line":171,"column":35}},"75":{"start":{"line":172,"column":16},"end":{"line":172,"column":35}},"76":{"start":{"line":173,"column":16},"end":{"line":173,"column":53}},"77":{"start":{"line":176,"column":16},"end":{"line":176,"column":44}},"78":{"start":{"line":177,"column":16},"end":{"line":177,"column":103}},"79":{"start":{"line":180,"column":16},"end":{"line":180,"column":35}},"80":{"start":{"line":181,"column":16},"end":{"line":181,"column":53}},"81":{"start":{"line":182,"column":16},"end":{"line":182,"column":127}},"82":{"start":{"line":186,"column":16},"end":{"line":186,"column":40}},"83":{"start":{"line":193,"column":8},"end":{"line":193,"column":53}},"84":{"start":{"line":196,"column":6},"end":{"line":196,"column":27}},"85":{"start":{"line":199,"column":2},"end":{"line":199,"column":27}},"86":{"start":{"line":202,"column":15},"end":{"line":202,"column":32}},"87":{"start":{"line":203,"column":0},"end":{"line":203,"column":30}}},"fnMap":{"0":{"name":"(anonymous_0)","decl":{"start":{"line":32,"column":0},"end":{"line":32,"column":1}},"loc":{"start":{"line":32,"column":12},"end":{"line":200,"column":1}},"line":32},"1":{"name":"BookingController","decl":{"start":{"line":33,"column":11},"end":{"line":33,"column":28}},"loc":{"start":{"line":33,"column":31},"end":{"line":35,"column":3}},"line":33},"2":{"name":"(anonymous_2)","decl":{"start":{"line":39,"column":11},"end":{"line":39,"column":12}},"loc":{"start":{"line":39,"column":23},"end":{"line":121,"column":5}},"line":39},"3":{"name":"_callee","decl":{"start":{"line":42,"column":44},"end":{"line":42,"column":51}},"loc":{"start":{"line":42,"column":62},"end":{"line":114,"column":7}},"line":42},"4":{"name":"_callee$","decl":{"start":{"line":45,"column":53},"end":{"line":45,"column":61}},"loc":{"start":{"line":45,"column":72},"end":{"line":113,"column":9}},"line":45},"5":{"name":"createBooking","decl":{"start":{"line":116,"column":15},"end":{"line":116,"column":28}},"loc":{"start":{"line":116,"column":38},"end":{"line":118,"column":7}},"line":116},"6":{"name":"(anonymous_6)","decl":{"start":{"line":124,"column":11},"end":{"line":124,"column":12}},"loc":{"start":{"line":124,"column":23},"end":{"line":159,"column":5}},"line":124},"7":{"name":"_callee2","decl":{"start":{"line":127,"column":44},"end":{"line":127,"column":52}},"loc":{"start":{"line":127,"column":63},"end":{"line":152,"column":7}},"line":127},"8":{"name":"_callee2$","decl":{"start":{"line":129,"column":53},"end":{"line":129,"column":62}},"loc":{"start":{"line":129,"column":74},"end":{"line":151,"column":9}},"line":129},"9":{"name":"getBookings","decl":{"start":{"line":154,"column":15},"end":{"line":154,"column":26}},"loc":{"start":{"line":154,"column":37},"end":{"line":156,"column":7}},"line":154},"10":{"name":"(anonymous_10)","decl":{"start":{"line":162,"column":11},"end":{"line":162,"column":12}},"loc":{"start":{"line":162,"column":23},"end":{"line":197,"column":5}},"line":162},"11":{"name":"_callee3","decl":{"start":{"line":165,"column":44},"end":{"line":165,"column":52}},"loc":{"start":{"line":165,"column":63},"end":{"line":190,"column":7}},"line":165},"12":{"name":"_callee3$","decl":{"start":{"line":167,"column":53},"end":{"line":167,"column":62}},"loc":{"start":{"line":167,"column":74},"end":{"line":189,"column":9}},"line":167},"13":{"name":"getAllBooking","decl":{"start":{"line":192,"column":15},"end":{"line":192,"column":28}},"loc":{"start":{"line":192,"column":39},"end":{"line":194,"column":7}},"line":192}},"branchMap":{"0":{"loc":{"start":{"line":47,"column":12},"end":{"line":111,"column":13}},"type":"switch","locations":[{"start":{"line":48,"column":14},"end":{"line":52,"column":78}},{"start":{"line":54,"column":14},"end":{"line":62,"column":127}},{"start":{"line":64,"column":14},"end":{"line":70,"column":128}},{"start":{"line":72,"column":14},"end":{"line":78,"column":132}},{"start":{"line":80,"column":14},"end":{"line":88,"column":123}},{"start":{"line":90,"column":14},"end":{"line":92,"column":85}},{"start":{"line":94,"column":14},"end":{"line":97,"column":66}},{"start":{"line":99,"column":14},"end":{"line":101,"column":102}},{"start":{"line":103,"column":14},"end":{"line":106,"column":126}},{"start":{"line":108,"column":14},"end":{"line":108,"column":22}},{"start":{"line":109,"column":14},"end":{"line":110,"column":39}}],"line":47},"1":{"loc":{"start":{"line":57,"column":16},"end":{"line":60,"column":17}},"type":"if","locations":[{"start":{"line":57,"column":16},"end":{"line":60,"column":17}},{"start":{"line":57,"column":16},"end":{"line":60,"column":17}}],"line":57},"2":{"loc":{"start":{"line":65,"column":16},"end":{"line":68,"column":17}},"type":"if","locations":[{"start":{"line":65,"column":16},"end":{"line":68,"column":17}},{"start":{"line":65,"column":16},"end":{"line":68,"column":17}}],"line":65},"3":{"loc":{"start":{"line":73,"column":16},"end":{"line":76,"column":17}},"type":"if","locations":[{"start":{"line":73,"column":16},"end":{"line":76,"column":17}},{"start":{"line":73,"column":16},"end":{"line":76,"column":17}}],"line":73},"4":{"loc":{"start":{"line":83,"column":16},"end":{"line":86,"column":17}},"type":"if","locations":[{"start":{"line":83,"column":16},"end":{"line":86,"column":17}},{"start":{"line":83,"column":16},"end":{"line":86,"column":17}}],"line":83},"5":{"loc":{"start":{"line":131,"column":12},"end":{"line":149,"column":13}},"type":"switch","locations":[{"start":{"line":132,"column":14},"end":{"line":135,"column":79}},{"start":{"line":137,"column":14},"end":{"line":139,"column":101}},{"start":{"line":141,"column":14},"end":{"line":144,"column":127}},{"start":{"line":146,"column":14},"end":{"line":146,"column":22}},{"start":{"line":147,"column":14},"end":{"line":148,"column":40}}],"line":131},"6":{"loc":{"start":{"line":169,"column":12},"end":{"line":187,"column":13}},"type":"switch","locations":[{"start":{"line":170,"column":14},"end":{"line":173,"column":53}},{"start":{"line":175,"column":14},"end":{"line":177,"column":103}},{"start":{"line":179,"column":14},"end":{"line":182,"column":127}},{"start":{"line":184,"column":14},"end":{"line":184,"column":22}},{"start":{"line":185,"column":14},"end":{"line":186,"column":40}}],"line":169}},"s":{"0":1,"1":1,"2":1,"3":1,"4":1,"5":1,"6":1,"7":1,"8":1,"9":1,"10":1,"11":1,"12":1,"13":1,"14":0,"15":1,"16":1,"17":0,"18":0,"19":0,"20":0,"21":0,"22":0,"23":0,"24":0,"25":0,"26":0,"27":0,"28":0,"29":0,"30":0,"31":0,"32":0,"33":0,"34":0,"35":0,"36":0,"37":0,"38":0,"39":0,"40":0,"41":0,"42":0,"43":0,"44":0,"45":0,"46":0,"47":0,"48":0,"49":0,"50":0,"51":0,"52":0,"53":0,"54":1,"55":1,"56":0,"57":0,"58":0,"59":0,"60":0,"61":0,"62":0,"63":0,"64":0,"65":0,"66":0,"67":0,"68":0,"69":1,"70":1,"71":0,"72":0,"73":0,"74":0,"75":0,"76":0,"77":0,"78":0,"79":0,"80":0,"81":0,"82":0,"83":0,"84":1,"85":1,"86":1,"87":1},"f":{"0":1,"1":0,"2":1,"3":0,"4":0,"5":0,"6":1,"7":0,"8":0,"9":0,"10":1,"11":0,"12":0,"13":0},"b":{"0":[0,0,0,0,0,0,0,0,0,0,0],"1":[0,0],"2":[0,0],"3":[0,0],"4":[0,0],"5":[0,0,0,0,0],"6":[0,0,0,0,0]},"_coverageSchema":"43e27e138ebf9cfc5966b082cf9a028302ed4184","hash":"7c18a36e1fb68c5f36291d8cdba183a8728801e4","contentHash":"a4c7b5d7b819816a3d787afde49d63da28dc7a5bd6d2a277ad228be7df3f6e5b"},"C:\\Users\\HP\\Desktop\\my-node\\diff-model - Messwith\\src\\models\\bookingModel.js":{"path":"C:\\Users\\HP\\Desktop\\my-node\\diff-model - Messwith\\src\\models\\bookingModel.js","statementMap":{"0":{"start":{"line":3,"column":29},"end":{"line":3,"column":84}},"1":{"start":{"line":5,"column":0},"end":{"line":7,"column":3}},"2":{"start":{"line":8,"column":0},"end":{"line":8,"column":28}},"3":{"start":{"line":10,"column":19},"end":{"line":10,"column":80}},"4":{"start":{"line":12,"column":25},"end":{"line":12,"column":99}},"5":{"start":{"line":14,"column":23},"end":{"line":14,"column":95}},"6":{"start":{"line":16,"column":20},"end":{"line":16,"column":89}},"7":{"start":{"line":18,"column":34},"end":{"line":18,"column":117}},"8":{"start":{"line":20,"column":23},"end":{"line":20,"column":95}},"9":{"start":{"line":22,"column":17},"end":{"line":22,"column":83}},"10":{"start":{"line":24,"column":18},"end":{"line":24,"column":65}},"11":{"start":{"line":28,"column":0},"end":{"line":253,"column":25}},"12":{"start":{"line":29,"column":2},"end":{"line":29,"column":56}},"13":{"start":{"line":32,"column":4},"end":{"line":32,"column":57}},"14":{"start":{"line":33,"column":4},"end":{"line":33,"column":132}},"15":{"start":{"line":36,"column":2},"end":{"line":251,"column":6}},"16":{"start":{"line":39,"column":27},"end":{"line":68,"column":9}},"17":{"start":{"line":44,"column":8},"end":{"line":67,"column":36}},"18":{"start":{"line":45,"column":10},"end":{"line":66,"column":11}},"19":{"start":{"line":46,"column":12},"end":{"line":65,"column":13}},"20":{"start":{"line":48,"column":16},"end":{"line":48,"column":34}},"21":{"start":{"line":49,"column":16},"end":{"line":49,"column":34}},"22":{"start":{"line":50,"column":16},"end":{"line":50,"column":115}},"23":{"start":{"line":53,"column":16},"end":{"line":53,"column":37}},"24":{"start":{"line":54,"column":16},"end":{"line":54,"column":35}},"25":{"start":{"line":55,"column":16},"end":{"line":55,"column":59}},"26":{"start":{"line":58,"column":16},"end":{"line":58,"column":34}},"27":{"start":{"line":59,"column":16},"end":{"line":59,"column":51}},"28":{"start":{"line":60,"column":16},"end":{"line":60,"column":62}},"29":{"start":{"line":64,"column":16},"end":{"line":64,"column":39}},"30":{"start":{"line":71,"column":8},"end":{"line":71,"column":53}},"31":{"start":{"line":74,"column":6},"end":{"line":74,"column":27}},"32":{"start":{"line":79,"column":24},"end":{"line":123,"column":9}},"33":{"start":{"line":84,"column":8},"end":{"line":122,"column":38}},"34":{"start":{"line":85,"column":10},"end":{"line":121,"column":11}},"35":{"start":{"line":86,"column":12},"end":{"line":120,"column":13}},"36":{"start":{"line":88,"column":16},"end":{"line":88,"column":35}},"37":{"start":{"line":90,"column":16},"end":{"line":93,"column":17}},"38":{"start":{"line":91,"column":18},"end":{"line":91,"column":37}},"39":{"start":{"line":92,"column":18},"end":{"line":92,"column":24}},"40":{"start":{"line":95,"column":16},"end":{"line":95,"column":35}},"41":{"start":{"line":96,"column":16},"end":{"line":96,"column":268}},"42":{"start":{"line":99,"column":16},"end":{"line":99,"column":39}},"43":{"start":{"line":100,"column":16},"end":{"line":100,"column":36}},"44":{"start":{"line":101,"column":16},"end":{"line":101,"column":57}},"45":{"start":{"line":104,"column":16},"end":{"line":104,"column":35}},"46":{"start":{"line":105,"column":16},"end":{"line":105,"column":291}},"47":{"start":{"line":108,"column":16},"end":{"line":108,"column":39}},"48":{"start":{"line":109,"column":16},"end":{"line":109,"column":34}},"49":{"start":{"line":110,"column":16},"end":{"line":110,"column":56}},"50":{"start":{"line":113,"column":16},"end":{"line":113,"column":36}},"51":{"start":{"line":114,"column":16},"end":{"line":114,"column":53}},"52":{"start":{"line":115,"column":16},"end":{"line":115,"column":64}},"53":{"start":{"line":119,"column":16},"end":{"line":119,"column":40}},"54":{"start":{"line":126,"column":8},"end":{"line":126,"column":50}},"55":{"start":{"line":129,"column":6},"end":{"line":129,"column":24}},"56":{"start":{"line":134,"column":28},"end":{"line":163,"column":9}},"57":{"start":{"line":139,"column":8},"end":{"line":162,"column":37}},"58":{"start":{"line":140,"column":10},"end":{"line":161,"column":11}},"59":{"start":{"line":141,"column":12},"end":{"line":160,"column":13}},"60":{"start":{"line":143,"column":16},"end":{"line":143,"column":35}},"61":{"start":{"line":144,"column":16},"end":{"line":144,"column":35}},"62":{"start":{"line":145,"column":16},"end":{"line":145,"column":275}},"63":{"start":{"line":148,"column":16},"end":{"line":148,"column":39}},"64":{"start":{"line":149,"column":16},"end":{"line":149,"column":34}},"65":{"start":{"line":150,"column":16},"end":{"line":150,"column":56}},"66":{"start":{"line":153,"column":16},"end":{"line":153,"column":35}},"67":{"start":{"line":154,"column":16},"end":{"line":154,"column":53}},"68":{"start":{"line":155,"column":16},"end":{"line":155,"column":64}},"69":{"start":{"line":159,"column":16},"end":{"line":159,"column":40}},"70":{"start":{"line":166,"column":8},"end":{"line":166,"column":54}},"71":{"start":{"line":169,"column":6},"end":{"line":169,"column":28}},"72":{"start":{"line":174,"column":28},"end":{"line":203,"column":9}},"73":{"start":{"line":179,"column":8},"end":{"line":202,"column":37}},"74":{"start":{"line":180,"column":10},"end":{"line":201,"column":11}},"75":{"start":{"line":181,"column":12},"end":{"line":200,"column":13}},"76":{"start":{"line":183,"column":16},"end":{"line":183,"column":35}},"77":{"start":{"line":184,"column":16},"end":{"line":184,"column":35}},"78":{"start":{"line":185,"column":16},"end":{"line":185,"column":80}},"79":{"start":{"line":188,"column":16},"end":{"line":188,"column":39}},"80":{"start":{"line":189,"column":16},"end":{"line":189,"column":34}},"81":{"start":{"line":190,"column":16},"end":{"line":190,"column":56}},"82":{"start":{"line":193,"column":16},"end":{"line":193,"column":35}},"83":{"start":{"line":194,"column":16},"end":{"line":194,"column":53}},"84":{"start":{"line":195,"column":16},"end":{"line":195,"column":35}},"85":{"start":{"line":199,"column":16},"end":{"line":199,"column":40}},"86":{"start":{"line":206,"column":8},"end":{"line":206,"column":54}},"87":{"start":{"line":209,"column":6},"end":{"line":209,"column":28}},"88":{"start":{"line":214,"column":28},"end":{"line":243,"column":9}},"89":{"start":{"line":219,"column":8},"end":{"line":242,"column":37}},"90":{"start":{"line":220,"column":10},"end":{"line":241,"column":11}},"91":{"start":{"line":221,"column":12},"end":{"line":240,"column":13}},"92":{"start":{"line":223,"column":16},"end":{"line":223,"column":35}},"93":{"start":{"line":224,"column":16},"end":{"line":224,"column":35}},"94":{"start":{"line":225,"column":16},"end":{"line":225,"column":40}},"95":{"start":{"line":228,"column":16},"end":{"line":228,"column":39}},"96":{"start":{"line":229,"column":16},"end":{"line":229,"column":34}},"97":{"start":{"line":230,"column":16},"end":{"line":230,"column":56}},"98":{"start":{"line":233,"column":16},"end":{"line":233,"column":35}},"99":{"start":{"line":234,"column":16},"end":{"line":234,"column":53}},"100":{"start":{"line":235,"column":16},"end":{"line":235,"column":64}},"101":{"start":{"line":239,"column":16},"end":{"line":239,"column":40}},"102":{"start":{"line":246,"column":8},"end":{"line":246,"column":54}},"103":{"start":{"line":249,"column":6},"end":{"line":249,"column":28}},"104":{"start":{"line":252,"column":2},"end":{"line":252,"column":22}},"105":{"start":{"line":255,"column":15},"end":{"line":255,"column":27}},"106":{"start":{"line":256,"column":0},"end":{"line":256,"column":30}}},"fnMap":{"0":{"name":"(anonymous_0)","decl":{"start":{"line":28,"column":0},"end":{"line":28,"column":1}},"loc":{"start":{"line":28,"column":23},"end":{"line":253,"column":1}},"line":28},"1":{"name":"BookingModel","decl":{"start":{"line":31,"column":11},"end":{"line":31,"column":23}},"loc":{"start":{"line":31,"column":26},"end":{"line":34,"column":3}},"line":31},"2":{"name":"(anonymous_2)","decl":{"start":{"line":38,"column":11},"end":{"line":38,"column":12}},"loc":{"start":{"line":38,"column":23},"end":{"line":75,"column":5}},"line":38},"3":{"name":"_callee","decl":{"start":{"line":41,"column":44},"end":{"line":41,"column":51}},"loc":{"start":{"line":41,"column":83},"end":{"line":68,"column":7}},"line":41},"4":{"name":"_callee$","decl":{"start":{"line":44,"column":53},"end":{"line":44,"column":61}},"loc":{"start":{"line":44,"column":72},"end":{"line":67,"column":9}},"line":44},"5":{"name":"createBooking","decl":{"start":{"line":70,"column":15},"end":{"line":70,"column":28}},"loc":{"start":{"line":70,"column":43},"end":{"line":72,"column":7}},"line":70},"6":{"name":"(anonymous_6)","decl":{"start":{"line":78,"column":11},"end":{"line":78,"column":12}},"loc":{"start":{"line":78,"column":23},"end":{"line":130,"column":5}},"line":78},"7":{"name":"_callee2","decl":{"start":{"line":81,"column":44},"end":{"line":81,"column":52}},"loc":{"start":{"line":81,"column":72},"end":{"line":123,"column":7}},"line":81},"8":{"name":"_callee2$","decl":{"start":{"line":84,"column":53},"end":{"line":84,"column":62}},"loc":{"start":{"line":84,"column":74},"end":{"line":122,"column":9}},"line":84},"9":{"name":"getBooking","decl":{"start":{"line":125,"column":15},"end":{"line":125,"column":25}},"loc":{"start":{"line":125,"column":36},"end":{"line":127,"column":7}},"line":125},"10":{"name":"(anonymous_10)","decl":{"start":{"line":133,"column":11},"end":{"line":133,"column":12}},"loc":{"start":{"line":133,"column":23},"end":{"line":170,"column":5}},"line":133},"11":{"name":"_callee3","decl":{"start":{"line":136,"column":44},"end":{"line":136,"column":52}},"loc":{"start":{"line":136,"column":65},"end":{"line":163,"column":7}},"line":136},"12":{"name":"_callee3$","decl":{"start":{"line":139,"column":53},"end":{"line":139,"column":62}},"loc":{"start":{"line":139,"column":74},"end":{"line":162,"column":9}},"line":139},"13":{"name":"getBookingById","decl":{"start":{"line":165,"column":15},"end":{"line":165,"column":29}},"loc":{"start":{"line":165,"column":35},"end":{"line":167,"column":7}},"line":165},"14":{"name":"(anonymous_14)","decl":{"start":{"line":173,"column":11},"end":{"line":173,"column":12}},"loc":{"start":{"line":173,"column":23},"end":{"line":
[...]
"start":{"line":22,"column":17},"end":{"line":22,"column":72}},"10":{"start":{"line":24,"column":20},"end":{"line":24,"column":78}},"11":{"start":{"line":26,"column":16},"end":{"line":26,"column":50}},"12":{"start":{"line":27,"column":15},"end":{"line":27,"column":46}},"13":{"start":{"line":31,"column":0},"end":{"line":113,"column":3}},"14":{"start":{"line":33,"column":4},"end":{"line":33,"column":59}},"15":{"start":{"line":36,"column":2},"end":{"line":111,"column":6}},"16":{"start":{"line":39,"column":24},"end":{"line":103,"column":9}},"17":{"start":{"line":43,"column":8},"end":{"line":102,"column":37}},"18":{"start":{"line":44,"column":10},"end":{"line":101,"column":11}},"19":{"start":{"line":45,"column":12},"end":{"line":100,"column":13}},"20":{"start":{"line":47,"column":16},"end":{"line":47,"column":34}},"21":{"start":{"line":48,"column":16},"end":{"line":48,"column":34}},"22":{"start":{"line":49,"column":16},"end":{"line":49,"column":69}},"23":{"start":{"line":52,"column":16},"end":{"line":52,"column":43}},"24":{"start":{"line":54,"column":16},"end":{"line":57,"column":17}},"25":{"start":{"line":55,"column":18},"end":{"line":55,"column":36}},"26":{"start":{"line":56,"column":18},"end":{"line":56,"column":24}},"27":{"start":{"line":59,"column":16},"end":{"line":59,"column":126}},"28":{"start":{"line":62,"column":16},"end":{"line":62,"column":34}},"29":{"start":{"line":63,"column":16},"end":{"line":63,"column":71}},"30":{"start":{"line":66,"column":16},"end":{"line":66,"column":45}},"31":{"start":{"line":68,"column":16},"end":{"line":71,"column":17}},"32":{"start":{"line":69,"column":18},"end":{"line":69,"column":37}},"33":{"start":{"line":70,"column":18},"end":{"line":70,"column":24}},"34":{"start":{"line":73,"column":16},"end":{"line":73,"column":130}},"35":{"start":{"line":76,"column":16},"end":{"line":76,"column":35}},"36":{"start":{"line":77,"column":16},"end":{"line":77,"column":54}},"37":{"start":{"line":80,"column":16},"end":{"line":80,"column":40}},"38":{"start":{"line":82,"column":16},"end":{"line":85,"column":17}},"39":{"start":{"line":83,"column":18},"end":{"line":83,"column":37}},"40":{"start":{"line":84,"column":18},"end":{"line":84,"column":24}},"41":{"start":{"line":87,"column":16},"end":{"line":87,"column":129}},"42":{"start":{"line":90,"column":16},"end":{"line":90,"column":99}},"43":{"start":{"line":93,"column":16},"end":{"line":93,"column":35}},"44":{"start":{"line":94,"column":16},"end":{"line":94,"column":51}},"45":{"start":{"line":95,"column":16},"end":{"line":95,"column":127}},"46":{"start":{"line":99,"column":16},"end":{"line":99,"column":39}},"47":{"start":{"line":106,"column":8},"end":{"line":106,"column":50}},"48":{"start":{"line":109,"column":6},"end":{"line":109,"column":24}},"49":{"start":{"line":112,"column":2},"end":{"line":112,"column":24}},"50":{"start":{"line":115,"column":15},"end":{"line":115,"column":29}},"51":{"start":{"line":116,"column":0},"end":{"line":116,"column":30}}},"fnMap":{"0":{"name":"(anonymous_0)","decl":{"start":{"line":31,"column":0},"end":{"line":31,"column":1}},"loc":{"start":{"line":31,"column":12},"end":{"line":113,"column":1}},"line":31},"1":{"name":"TripController","decl":{"start":{"line":32,"column":11},"end":{"line":32,"column":25}},"loc":{"start":{"line":32,"column":28},"end":{"line":34,"column":3}},"line":32},"2":{"name":"(anonymous_2)","decl":{"start":{"line":38,"column":11},"end":{"line":38,"column":12}},"loc":{"start":{"line":38,"column":23},"end":{"line":110,"column":5}},"line":38},"3":{"name":"_callee","decl":{"start":{"line":41,"column":44},"end":{"line":41,"column":51}},"loc":{"start":{"line":41,"column":62},"end":{"line":103,"column":7}},"line":41},"4":{"name":"_callee$","decl":{"start":{"line":43,"column":53},"end":{"line":43,"column":61}},"loc":{"start":{"line":43,"column":72},"end":{"line":102,"column":9}},"line":43},"5":{"name":"createTrip","decl":{"start":{"line":105,"column":15},"end":{"line":105,"column":25}},"loc":{"start":{"line":105,"column":35},"end":{"line":107,"column":7}},"line":105}},"branchMap":{"0":{"loc":{"start":{"line":45,"column":12},"end":{"line":100,"column":13}},"type":"switch","locations":[{"start":{"line":46,"column":14},"end":{"line":49,"column":69}},{"start":{"line":51,"column":14},"end":{"line":59,"column":126}},{"start":{"line":61,"column":14},"end":{"line":63,"column":71}},{"start":{"line":65,"column":14},"end":{"line":73,"column":130}},{"start":{"line":75,"column":14},"end":{"line":77,"column":54}},{"start":{"line":79,"column":14},"end":{"line":87,"column":129}},{"start":{"line":89,"column":14},"end":{"line":90,"column":99}},{"start":{"line":92,"column":14},"end":{"line":95,"column":127}},{"start":{"line":97,"column":14},"end":{"line":97,"column":22}},{"start":{"line":98,"column":14},"end":{"line":99,"column":39}}],"line":45},"1":{"loc":{"start":{"line":54,"column":16},"end":{"line":57,"column":17}},"type":"if","locations":[{"start":{"line":54,"column":16},"end":{"line":57,"column":17}},{"start":{"line":54,"column":16},"end":{"line":57,"column":17}}],"line":54},"2":{"loc":{"start":{"line":68,"column":16},"end":{"line":71,"column":17}},"type":"if","locations":[{"start":{"line":68,"column":16},"end":{"line":71,"column":17}},{"start":{"line":68,"column":16},"end":{"line":71,"column":17}}],"line":68},"3":{"loc":{"start":{"line":82,"column":16},"end":{"line":85,"column":17}},"type":"if","locations":[{"start":{"line":82,"column":16},"end":{"line":85,"column":17}},{"start":{"line":82,"column":16},"end":{"line":85,"column":17}}],"line":82}},"s":{"0":1,"1":1,"2":1,"3":1,"4":1,"5":1,"6":1,"7":1,"8":1,"9":1,"10":1,"11":1,"12":1,"13":1,"14":0,"15":1,"16":1,"17":0,"18":0,"19":0,"20":0,"21":0,"22":0,"23":0,"24":0,"25":0,"26":0,"27":0,"28":0,"29":0,"30":0,"31":0,"32":0,"33":0,"34":0,"35":0,"36":0,"37":0,"38":0,"39":0,"40":0,"41":0,"42":0,"43":0,"44":0,"45":0,"46":0,"47":0,"48":1,"49":1,"50":1,"51":1},"f":{"0":1,"1":0,"2":1,"3":0,"4":0,"5":0},"b":{"0":[0,0,0,0,0,0,0,0,0,0],"1":[0,0],"2":[0,0],"3":[0,0]},"_coverageSchema":"43e27e138ebf9cfc5966b082cf9a028302ed4184","hash":"a913c91c1dca6332364e7a9becb60771251e7e82","contentHash":"0b82690993aee443008fe5b35941ac66eb29150270a5f91e1131be08dc1403e0"},"C:\\Users\\HP\\Desktop\\my-node\\diff-model - Messwith\\src\\middlewares\\validateUser.js":{"path":"C:\\Users\\HP\\Desktop\\my-node\\diff-model - Messwith\\src\\middlewares\\validateUser.js","statementMap":{"0":{"start":{"line":3,"column":29},"end":{"line":3,"column":84}},"1":{"start":{"line":5,"column":0},"end":{"line":7,"column":3}},"2":{"start":{"line":8,"column":0},"end":{"line":8,"column":28}},"3":{"start":{"line":10,"column":23},"end":{"line":10,"column":95}},"4":{"start":{"line":12,"column":20},"end":{"line":12,"column":89}},"5":{"start":{"line":16,"column":0},"end":{"line":65,"column":3}},"6":{"start":{"line":18,"column":4},"end":{"line":18,"column":58}},"7":{"start":{"line":21,"column":2},"end":{"line":63,"column":6}},"8":{"start":{"line":24,"column":6},"end":{"line":26,"column":9}},"9":{"start":{"line":25,"column":8},"end":{"line":25,"column":34}},"10":{"start":{"line":27,"column":6},"end":{"line":29,"column":9}},"11":{"start":{"line":28,"column":8},"end":{"line":28,"column":34}},"12":{"start":{"line":30,"column":6},"end":{"line":32,"column":9}},"13":{"start":{"line":31,"column":8},"end":{"line":31,"column":34}},"14":{"start":{"line":33,"column":6},"end":{"line":35,"column":67}},"15":{"start":{"line":36,"column":6},"end":{"line":43,"column":9}},"16":{"start":{"line":37,"column":8},"end":{"line":42,"column":11}},"17":{"start":{"line":40,"column":12},"end":{"line":40,"column":27}},"18":{"start":{"line":48,"column":6},"end":{"line":50,"column":9}},"19":{"start":{"line":49,"column":8},"end":{"line":49,"column":34}},"20":{"start":{"line":51,"column":6},"end":{"line":53,"column":9}},"21":{"start":{"line":52,"column":8},"end":{"line":52,"column":34}},"22":{"start":{"line":54,"column":6},"end":{"line":61,"column":9}},"23":{"start":{"line":55,"column":8},"end":{"line":60,"column":11}},"24":{"start":{"line":58,"column":12},"end":{"line":58,"column":27}},"25":{"start":{"line":64,"column":2},"end":{"line":64,"column":23}},"26":{"start":{"line":67,"column":15},"end":{"line":67,"column":28}},"27":{"start":{"line":68,"column":0},"end":{"line":68,"column":30}}},"fnMap":{"0":{"name":"(anonymous_0)","decl":{"start":{"line":16,"column":0},"end":{"line":16,"column":1}},"loc":{"start":{"line":16,"column":12},"end":{"line":65,"column":1}},"line":16},"1":{"name":"userValidator","decl":{"start":{"line":17,"column":11},"end":{"line":17,"column":24}},"loc":{"start":{"line":17,"column":27},"end":{"line":19,"column":3}},"line":17},"2":{"name":"signup","decl":{"start":{"line":23,"column":20},"end":{"line":23,"column":26}},"loc":{"start":{"line":23,"column":43},"end":{"line":44,"column":5}},"line":23},"3":{"name":"(anonymous_3)","decl":{"start":{"line":24,"column":185},"end":{"line":24,"column":186}},"loc":{"start":{"line":24,"column":201},"end":{"line":26,"column":7}},"line":24},"4":{"name":"(anonymous_4)","decl":{"start":{"line":27,"column":182},"end":{"line":27,"column":183}},"loc":{"start":{"line":27,"column":198},"end":{"line":29,"column":7}},"line":27},"5":{"name":"(anonymous_5)","decl":{"start":{"line":30,"column":291},"end":{"line":30,"column":292}},"loc":{"start":{"line":30,"column":307},"end":{"line":32,"column":7}},"line":30},"6":{"name":"(anonymous_6)","decl":{"start":{"line":36,"column":54},"end":{"line":36,"column":55}},"loc":{"start":{"line":36,"column":72},"end":{"line":43,"column":7}},"line":36},"7":{"name":"(anonymous_7)","decl":{"start":{"line":39,"column":28},"end":{"line":39,"column":29}},"loc":{"start":{"line":39,"column":43},"end":{"line":41,"column":11}},"line":39},"8":{"name":"signin","decl":{"start":{"line":47,"column":20},"end":{"line":47,"column":26}},"loc":{"start":{"line":47,"column":43},"end":{"line":62,"column":5}},"line":47},"9":{"name":"(anonymous_9)","decl":{"start":{"line":48,"column":185},"end":{"line":48,"column":186}},"loc":{"start":{"line":48,"column":201},"end":{"line":50,"column":7}},"line":48},"10":{"name":"(anonymous_10)","decl":{"start":{"line":51,"column":182},"end":{"line":51,"column":183}},"loc":{"start":{"line":51,"column":198},"end":{"line":53,"column":7}},"line":51},"11":{"name":"(anonymous_11)","decl":{"start":{"line":54,"column":54},"end":{"line":54,"column":55}},"loc":{"start":{"line":54,"column":72},"end":{"line":61,"column":7}},"line":54},"12":{"name":"(anonymous_12)","decl":{"start":{"line":57,"column":28},"end":{"line":57,"column":29}},"loc":{"start":{"line":57,"column":43},"end":{"line":59,"column":11}},"line":57}},"branchMap":{},"s":{"0":1,"1":1,"2":1,"3":1,"4":1,"5":1,"6":0,"7":1,"8":0,"9":0,"10":0,"11":0,"12":0,"13":0,"14":0,"15":0,"16":0,"17":0,"18":0,"19":0,"20":0,"21":0,"22":0,"23":0,"24":0,"25":1,"26":1,"27":1},"f":{"0":1,"1":0,"2":0,"3":0,"4":0,"5":0,"6":0,"7":0,"8":0,"9":0,"10":0,"11":0,"12":0},"b":{},"_coverageSchema":"43e27e138ebf9cfc5966b082cf9a028302ed4184","hash":"59c1d0d35b8b2bac6113e71b49afde2cb4a72745","contentHash":"cb0a64a0cee72693fa8a4f17de5c2344755b37702143de5c85c272c947167d82"},"C:\\Users\\HP\\Desktop\\my-node\\diff-model - Messwith\\src\\middlewares\\validateTrip.js":{"path":"C:\\Users\\HP\\Desktop\\my-node\\diff-model - Messwith\\src\\middlewares\\validateTrip.js","statementMap":{"0":{"start":{"line":3,"column":29},"end":{"line":3,"column":84}},"1":{"start":{"line":5,"column":0},"end":{"line":7,"column":3}},"2":{"start":{"line":8,"column":0},"end":{"line":8,"column":28}},"3":{"start":{"line":10,"column":23},"end":{"line":10,"column":95}},"4":{"start":{"line":12,"column":20},"end":{"line":12,"column":89}},"5":{"start":{"line":14,"column":15},"end":{"line":14,"column":57}},"6":{"start":{"line":16,"column":24},"end":{"line":16,"column":76}},"7":{"start":{"line":18,"column":17},"end":{"line":18,"column":72}},"8":{"start":{"line":21,"column":10},"end":{"line":21,"column":35}},"9":{"start":{"line":22,"column":0},"end":{"line":22,"column":45}},"10":{"start":{"line":26,"column":0},"end":{"line":48,"column":3}},"11":{"start":{"line":28,"column":4},"end":{"line":28,"column":58}},"12":{"start":{"line":31,"column":2},"end":{"line":46,"column":6}},"13":{"start":{"line":34,"column":6},"end":{"line":36,"column":57}},"14":{"start":{"line":37,"column":6},"end":{"line":39,"column":147}},"15":{"start":{"line":40,"column":6},"end":{"line":44,"column":9}},"16":{"start":{"line":41,"column":8},"end":{"line":43,"column":12}},"17":{"start":{"line":42,"column":10},"end":{"line":42,"column":25}},"18":{"start":{"line":47,"column":2},"end":{"line":47,"column":23}},"19":{"start":{"line":50,"column":15},"end":{"line":50,"column":28}},"20":{"start":{"line":51,"column":0},"end":{"line":51,"column":30}}},"fnMap":{"0":{"name":"(anonymous_0)","decl":{"start":{"line":26,"column":0},"end":{"line":26,"column":1}},"loc":{"start":{"line":26,"column":12},"end":{"line":48,"column":1}},"line":26},"1":{"name":"TripValidator","decl":{"start":{"line":27,"column":11},"end":{"line":27,"column":24}},"loc":{"start":{"line":27,"column":27},"end":{"line":29,"column":3}},"line":27},"2":{"name":"validateTrip","decl":{"start":{"line":33,"column":20},"end":{"line":33,"column":32}},"loc":{"start":{"line":33,"column":49},"end":{"line":45,"column":5}},"line":33},"3":{"name":"(anonymous_3)","decl":{"start":{"line":40,"column":61},"end":{"line":40,"column":62}},"loc":{"start":{"line":40,"column":79},"end":{"line":44,"column":7}},"line":40},"4":{"name":"(anonymous_4)","decl":{"start":{"line":41,"column":64},"end":{"line":41,"column":65}},"loc":{"start":{"line":41,"column":79},"end":{"line":43,"column":9}},"line":41}},"branchMap":{},"s":{"0":1,"1":1,"2":1,"3":1,"4":1,"5":1,"6":1,"7":1,"8":1,"9":1,"10":1,"11":0,"12":1,"13":0,"14":0,"15":0,"16":0,"17":0,"18":1,"19":1,"20":1},"f":{"0":1,"1":0,"2":0,"3":0,"4":0},"b":{},"_coverageSchema":"43e27e138ebf9cfc5966b082cf9a028302ed4184","hash":"9d59906e5b034d2e0889a3a50434ddf40a6133c2","contentHash":"d162027eb61536177be7210d692e38940ff31db4bf2cda21e8b49a607b5c49fd"},"C:\\Users\\HP\\Desktop\\my-node\\diff-model - Messwith\\src\\middlewares\\authenticator.js":{"path":"C:\\Users\\HP\\Desktop\\my-node\\diff-model - Messwith\\src\\middlewares\\authenticator.js","statementMap":{"0":{"start":{"line":3,"column":29},"end":{"line":3,"column":84}},"1":{"start":{"line":5,"column":0},"end":{"line":7,"column":3}},"2":{"start":{"line":8,"column":0},"end":{"line":8,"column":28}},"3":{"start":{"line":10,"column":23},"end":{"line":10,"column":95}},"4":{"start":{"line":12,"column":20},"end":{"line":12,"column":89}},"5":{"start":{"line":14,"column":20},"end":{"line":14,"column":67}},"6":{"start":{"line":16,"column":14},"end":{"line":16,"column":55}},"7":{"start":{"line":18,"column":17},"end":{"line":18,"column":72}},"8":{"start":{"line":20,"column":20},"end":{"line":20,"column":78}},"9":{"start":{"line":23,"column":0},"end":{"line":23,"column":28}},"10":{"start":{"line":25,"column":16},"end":{"line":25,"column":38}},"11":{"start":{"line":29,"column":0},"end":{"line":86,"column":3}},"12":{"start":{"line":31,"column":4},"end":{"line":31,"column":58}},"13":{"start":{"line":34,"column":2},"end":{"line":84,"column":6}},"14":{"start":{"line":37,"column":6},"end":{"line":52,"column":7}},"15":{"start":{"line":38,"column":20},"end":{"line":38,"column":49}},"16":{"start":{"line":40,"column":8},"end":{"line":42,"column":9}},"17":{"start":{"line":41,"column":10},"end":{"line":41,"column":47}},"18":{"start":{"line":44,"column":8},"end":{"line":44,"column":57}},"19":{"start":{"line":45,"column":8},"end":{"line":45,"column":22}},"20":{"start":{"line":47,"column":8},"end":{"line":49,"column":9}},"21":{"start":{"line":48,"column":10},"end":{"line":48,"column":101}},"22":{"start":{"line":51,"column":8},"end":{"line":51,"column":92}},"23":{"start":{"line":57,"column":6},"end":{"line":57,"column":63}},"24":{"start":{"line":62,"column":6},"end":{"line":82,"column":7}},"25":{"start":{"line":63,"column":20},"end":{"line":63,"column":49}},"26":{"start":{"line":65,"column":8},"end":{"line":67,"column":9}},"27":{"start":{"line":66,"column":10},"end":{"line":66,"column":47}},"28":{"start":{"line":69,"column":8},"end":{"line":69,"column":57}},"29":{"start":{"line":71,"column":8},"end":{"line":73,"column":9}},"30":{"start":{"line":72,"column":10},"end":{"line":72,"column":97}},"31":{"start":{"line":75,"column":8},"end":{"line":75,"column":22}},"32":{"start":{"line":77,"column":8},"end":{"line":79,"column":9}},"33":{"start":{"line":78,"column":10},"end":{"line":78,"column":101}},"34":{"start":{"line":81,"column":8},"end":{"line":81,"column":92}},"35":{"start":{"line":85,"column":2},"end":{"line":85,"column":23}},"36":{"start":{"line":88,"column":15},"end":{"line":88,"column":28}},"37":{"start":{"line":89,"column":0},"end":{"line":89,"column":30}}},"fnMap":{"0":{"name":"(anonymous_0)","decl":{"start":{"line":29,"column":0},"end":{"line":29,"column":1}},"loc":{"start":{"line":29,"column":12},"end":{"line":86,"column":1}},"line":29},"1":{"name":"Authenticator","decl":{"start":{"line":30,"column":11},"end":{"line":30,"column":24}},"loc":{"start":{"line":30,"column":27},"end":{"line":32,"column":3}},"line":30},"2":{"name":"authenticateUser","decl":{"start":{"line":36,"column":20},"end":{"line":36,"column":36}},"loc":{"start":{"line":36,"column":62},"end":{"line":53,"column":5}},"line":36},"3":{"name":"verifedToken","decl":{"start":{"line":56,"column":20},"end":{"line":56,"column":32}},"loc":{"start":{"line":56,"column":40},"end":{"line":58,"column":5}},"line":56},"4":{"name":"authenticateAdmin","decl":{"start":{"line":61,"column":20},"end":{"line":61,"column":37}},"loc":{"start":{"line":61,"column":63},"end":{"line":83,"column":5}},"line":61}},"branchMap":{"0":{"loc":{"start":{"line":40,"column":8},"end":{"line":42,"column":9}},"type":"if","locations":[{"start":{"line":40,"column":8},"end":{"line":42,"column":9}},{"start":{"line":40,"column":8},"end":{"line":42,"column":9}}],"line":40},"1":{"loc":{"start":{"line":40,"column":12},"end":{"line":40,"column":47}},"type":"binary-expr","locations":[{"start":{"line":40,"column":12},"end":{"line":40,"column":17}},{"start":{"line":40,"column":21},"end":{"line":40,"column":47}}],"line":40},"2":{"loc":{"start":{"line":47,"column":8},"end":{"line":49,"column":9}},"type":"if","locations":[{"start":{"line":47,"column":8},"end":{"line":49,"column":9}},{"start":{"line":47,"column":8},"end":{"line":49,"column":9}}],"line":47},"3":{"loc":{"start":{"line":65,"column":8},"end":{"line":67,"column":9}},"type":"if","locations":[{"start":{"line":65,"column":8},"end":{"line":67,"column":9}},{"start":{"line":65,"column":8},"end":{"line":67,"column":9}}],"line":65},"4":{"loc":{"start":{"line":65,"column":12},"end":{"line":65,"column":47}},"type":"binary-expr","locations":[{"start":{"line":65,"column":12},"end":{"line":65,"column":17}},{"start":{"line":65,"column":21},"end":{"line":65,"column":47}}],"line":65},"5":{"loc":{"start":{"line":71,"column":8},"end":{"line":73,"column":9}},"type":"if","locations":[{"start":{"line":71,"column":8},"end":{"line":73,"column":9}},{"start":{"line":71,"column":8},"end":{"line":73,"column":9}}],"line":71},"6":{"loc":{"start":{"line":77,"column":8},"end":{"line":79,"column":9}},"type":"if","locations":[{"start":{"line":77,"column":8},"end":{"line":79,"column":9}},{"start":{"line":77,"column":8},"end":{"line":79,"column":9}}],"line":77}},"s":{"0":1,"1":1,"2":1,"3":1,"4":1,"5":1,"6":1,"7":1,"8":1,"9":1,"10":1,"11":1,"12":0,"13":1,"14":0,"15":0,"16":0,"17":0,"18":0,"19":0,"20":0,"21":0,"22":0,"23":0,"24":0,"25":0,"26":0,"27":0,"28":0,"29":0,"30":0,"31":0,"32":0,"33":0,"34":0,"35":1,"36":1,"37":1},"f":{"0":1,"1":0,"2":0,"3":0,"4":0},"b":{"0":[0,0],"1":[0,0],"2":[0,0],"3":[0,0],"4":[0,0],"5":[0,0],"6":[0,0]},"_coverageSchema":"43e27e138ebf9cfc5966b082cf9a028302ed4184","hash":"2f8d9818c0fb859a0123d245a7ffe308558ab9af","contentHash":"2248ac6b676bb816ee28045e19d7cb279c2ae3afc9a23e4501526742584fc1b2"}}